Release 14.7 - ngc2edif P.20131013 (nt)
Copyright (c) 1995-2013 Xilinx, Inc.  All rights reserved.
Reading design task1.ngc ...
WARNING:NetListWriters:298 - No output is written to task1.xncf, ignored.
Processing design ...
   Preping design's networks ...
   Preping design's macros ...
  finished :Prep
Writing EDIF netlist file task1.edif ...
ngc2edif: Total memory usage is 92124 kilobytes

Release 14.7 - ngc2edif P.20131013 (nt)
Copyright (c) 1995-2013 Xilinx, Inc.  All rights reserved.
Reading design task2.ngc ...
WARNING:NetListWriters:298 - No output is written to task2.xncf, ignored.
Processing design ...
   Preping design's networks ...
   Preping design's macros ...
  finished :Prep
Writing EDIF netlist file task2.edif ...
ngc2edif: Total memory usage is 91880 kilobytes

Release 14.7 - ngc2edif P.20131013 (nt)
Copyright (c) 1995-2013 Xilinx, Inc.  All rights reserved.
Reading design task2.ngc ...
WARNING:NetListWriters:298 - No output is written to task2.xncf, ignored.
Processing design ...
   Preping design's networks ...
   Preping design's macros ...
  finished :Prep
Writing EDIF netlist file task2.edif ...
ngc2edif: Total memory usage is 91688 kilobytes

