ISim log file
Running: C:\Users\Yoyo\Desktop\ALU\ALU\ALU_tb_isim_beh.exe -intstyle ise -gui -tclbatch isim.cmd -wdb C:/Users/Yoyo/Desktop/ALU/ALU/ALU_tb_isim_beh.wdb 
ISim P.20131013 (signature 0x7708f090)
WARNING: A WEBPACK license was found.
WARNING: Please use Xilinx License Configuration Manager to check out a full ISim license.
WARNING: ISim will run in Lite mode. Please refer to the ISim documentation for more information on the differences between the Lite and the Full version.
This is a Lite version of ISim.
Time resolution is 1 ps
# onerror resume
# wave add /
# run 1000 ns
Simulator is doing circuit initialization process.
Finished circuit initialization process.
Sel=000, A=0, B=0, Y=00 (Add A and B)
Sel=001, A=0, B=0, Y=00 (Multiply A by 2 (A + A))
Sel=010, A=0, B=0, Y=01 (Increment A by 1)
Sel=011, A=0, B=0, Y=02 (Increment A by 2)
Sel=100, A=0, B=0, Y=1f (Bit-Wise invert A)
Sel=101, A=0, B=0, Y=00 (Bit-Wise AND A and B)
Sel=110, A=0, B=0, Y=00 (Bit-Wise OR A and B)
Sel=111, A=0, B=0, Y=00 (Bit-Wise XOR A and B)
Sel=000, A=0, B=1, Y=01 (Add A and B)
Sel=001, A=0, B=1, Y=00 (Multiply A by 2 (A + A))
Sel=010, A=0, B=1, Y=01 (Increment A by 1)
Sel=011, A=0, B=1, Y=02 (Increment A by 2)
Sel=100, A=0, B=1, Y=1f (Bit-Wise invert A)
Sel=101, A=0, B=1, Y=00 (Bit-Wise AND A and B)
Sel=110, A=0, B=1, Y=01 (Bit-Wise OR A and B)
Sel=111, A=0, B=1, Y=01 (Bit-Wise XOR A and B)
Sel=000, A=0, B=2, Y=02 (Add A and B)
Sel=001, A=0, B=2, Y=00 (Multiply A by 2 (A + A))
Sel=010, A=0, B=2, Y=01 (Increment A by 1)
Sel=011, A=0, B=2, Y=02 (Increment A by 2)
Sel=100, A=0, B=2, Y=1f (Bit-Wise invert A)
Sel=101, A=0, B=2, Y=00 (Bit-Wise AND A and B)
Sel=110, A=0, B=2, Y=02 (Bit-Wise OR A and B)
Sel=111, A=0, B=2, Y=02 (Bit-Wise XOR A and B)
Sel=000, A=0, B=3, Y=03 (Add A and B)
Sel=001, A=0, B=3, Y=00 (Multiply A by 2 (A + A))
Sel=010, A=0, B=3, Y=01 (Increment A by 1)
Sel=011, A=0, B=3, Y=02 (Increment A by 2)
Sel=100, A=0, B=3, Y=1f (Bit-Wise invert A)
Sel=101, A=0, B=3, Y=00 (Bit-Wise AND A and B)
Sel=110, A=0, B=3, Y=03 (Bit-Wise OR A and B)
Sel=111, A=0, B=3, Y=03 (Bit-Wise XOR A and B)
Sel=000, A=0, B=4, Y=04 (Add A and B)
Sel=001, A=0, B=4, Y=00 (Multiply A by 2 (A + A))
Sel=010, A=0, B=4, Y=01 (Increment A by 1)
Sel=011, A=0, B=4, Y=02 (Increment A by 2)
Sel=100, A=0, B=4, Y=1f (Bit-Wise invert A)
Sel=101, A=0, B=4, Y=00 (Bit-Wise AND A and B)
Sel=110, A=0, B=4, Y=04 (Bit-Wise OR A and B)
Sel=111, A=0, B=4, Y=04 (Bit-Wise XOR A and B)
Sel=000, A=0, B=5, Y=05 (Add A and B)
Sel=001, A=0, B=5, Y=00 (Multiply A by 2 (A + A))
Sel=010, A=0, B=5, Y=01 (Increment A by 1)
Sel=011, A=0, B=5, Y=02 (Increment A by 2)
Sel=100, A=0, B=5, Y=1f (Bit-Wise invert A)
Sel=101, A=0, B=5, Y=00 (Bit-Wise AND A and B)
Sel=110, A=0, B=5, Y=05 (Bit-Wise OR A and B)
Sel=111, A=0, B=5, Y=05 (Bit-Wise XOR A and B)
Sel=000, A=0, B=6, Y=06 (Add A and B)
Sel=001, A=0, B=6, Y=00 (Multiply A by 2 (A + A))
Sel=010, A=0, B=6, Y=01 (Increment A by 1)
Sel=011, A=0, B=6, Y=02 (Increment A by 2)
Sel=100, A=0, B=6, Y=1f (Bit-Wise invert A)
Sel=101, A=0, B=6, Y=00 (Bit-Wise AND A and B)
Sel=110, A=0, B=6, Y=06 (Bit-Wise OR A and B)
Sel=111, A=0, B=6, Y=06 (Bit-Wise XOR A and B)
Sel=000, A=0, B=7, Y=07 (Add A and B)
Sel=001, A=0, B=7, Y=00 (Multiply A by 2 (A + A))
Sel=010, A=0, B=7, Y=01 (Increment A by 1)
Sel=011, A=0, B=7, Y=02 (Increment A by 2)
Sel=100, A=0, B=7, Y=1f (Bit-Wise invert A)
Sel=101, A=0, B=7, Y=00 (Bit-Wise AND A and B)
Sel=110, A=0, B=7, Y=07 (Bit-Wise OR A and B)
Sel=111, A=0, B=7, Y=07 (Bit-Wise XOR A and B)
Sel=000, A=0, B=8, Y=08 (Add A and B)
Sel=001, A=0, B=8, Y=00 (Multiply A by 2 (A + A))
Sel=010, A=0, B=8, Y=01 (Increment A by 1)
Sel=011, A=0, B=8, Y=02 (Increment A by 2)
Sel=100, A=0, B=8, Y=1f (Bit-Wise invert A)
Sel=101, A=0, B=8, Y=00 (Bit-Wise AND A and B)
Sel=110, A=0, B=8, Y=08 (Bit-Wise OR A and B)
Sel=111, A=0, B=8, Y=08 (Bit-Wise XOR A and B)
Sel=000, A=0, B=9, Y=09 (Add A and B)
Sel=001, A=0, B=9, Y=00 (Multiply A by 2 (A + A))
Sel=010, A=0, B=9, Y=01 (Increment A by 1)
Sel=011, A=0, B=9, Y=02 (Increment A by 2)
Sel=100, A=0, B=9, Y=1f (Bit-Wise invert A)
Sel=101, A=0, B=9, Y=00 (Bit-Wise AND A and B)
Sel=110, A=0, B=9, Y=09 (Bit-Wise OR A and B)
Sel=111, A=0, B=9, Y=09 (Bit-Wise XOR A and B)
Sel=000, A=0, B=a, Y=0a (Add A and B)
Sel=001, A=0, B=a, Y=00 (Multiply A by 2 (A + A))
Sel=010, A=0, B=a, Y=01 (Increment A by 1)
Sel=011, A=0, B=a, Y=02 (Increment A by 2)
Sel=100, A=0, B=a, Y=1f (Bit-Wise invert A)
Sel=101, A=0, B=a, Y=00 (Bit-Wise AND A and B)
Sel=110, A=0, B=a, Y=0a (Bit-Wise OR A and B)
Sel=111, A=0, B=a, Y=0a (Bit-Wise XOR A and B)
Sel=000, A=0, B=b, Y=0b (Add A and B)
Sel=001, A=0, B=b, Y=00 (Multiply A by 2 (A + A))
Sel=010, A=0, B=b, Y=01 (Increment A by 1)
Sel=011, A=0, B=b, Y=02 (Increment A by 2)
Sel=100, A=0, B=b, Y=1f (Bit-Wise invert A)
Sel=101, A=0, B=b, Y=00 (Bit-Wise AND A and B)
Sel=110, A=0, B=b, Y=0b (Bit-Wise OR A and B)
Sel=111, A=0, B=b, Y=0b (Bit-Wise XOR A and B)
Sel=000, A=0, B=c, Y=0c (Add A and B)
Sel=001, A=0, B=c, Y=00 (Multiply A by 2 (A + A))
Sel=010, A=0, B=c, Y=01 (Increment A by 1)
Sel=011, A=0, B=c, Y=02 (Increment A by 2)
Sel=100, A=0, B=c, Y=1f (Bit-Wise invert A)
Sel=101, A=0, B=c, Y=00 (Bit-Wise AND A and B)
Sel=110, A=0, B=c, Y=0c (Bit-Wise OR A and B)
Sel=111, A=0, B=c, Y=0c (Bit-Wise XOR A and B)
Sel=000, A=0, B=d, Y=0d (Add A and B)
Sel=001, A=0, B=d, Y=00 (Multiply A by 2 (A + A))
Sel=010, A=0, B=d, Y=01 (Increment A by 1)
Sel=011, A=0, B=d, Y=02 (Increment A by 2)
Sel=100, A=0, B=d, Y=1f (Bit-Wise invert A)
Sel=101, A=0, B=d, Y=00 (Bit-Wise AND A and B)
Sel=110, A=0, B=d, Y=0d (Bit-Wise OR A and B)
Sel=111, A=0, B=d, Y=0d (Bit-Wise XOR A and B)
Sel=000, A=0, B=e, Y=0e (Add A and B)
Sel=001, A=0, B=e, Y=00 (Multiply A by 2 (A + A))
Sel=010, A=0, B=e, Y=01 (Increment A by 1)
Sel=011, A=0, B=e, Y=02 (Increment A by 2)
Sel=100, A=0, B=e, Y=1f (Bit-Wise invert A)
Sel=101, A=0, B=e, Y=00 (Bit-Wise AND A and B)
Sel=110, A=0, B=e, Y=0e (Bit-Wise OR A and B)
Sel=111, A=0, B=e, Y=0e (Bit-Wise XOR A and B)
Sel=000, A=0, B=f, Y=0f (Add A and B)
Sel=001, A=0, B=f, Y=00 (Multiply A by 2 (A + A))
Sel=010, A=0, B=f, Y=01 (Increment A by 1)
Sel=011, A=0, B=f, Y=02 (Increment A by 2)
Sel=100, A=0, B=f, Y=1f (Bit-Wise invert A)
Sel=101, A=0, B=f, Y=00 (Bit-Wise AND A and B)
Sel=110, A=0, B=f, Y=0f (Bit-Wise OR A and B)
Sel=111, A=0, B=f, Y=0f (Bit-Wise XOR A and B)
Sel=000, A=1, B=0, Y=01 (Add A and B)
Sel=001, A=1, B=0, Y=02 (Multiply A by 2 (A + A))
Sel=010, A=1, B=0, Y=02 (Increment A by 1)
Sel=011, A=1, B=0, Y=03 (Increment A by 2)
Sel=100, A=1, B=0, Y=1e (Bit-Wise invert A)
Sel=101, A=1, B=0, Y=00 (Bit-Wise AND A and B)
Sel=110, A=1, B=0, Y=01 (Bit-Wise OR A and B)
Sel=111, A=1, B=0, Y=01 (Bit-Wise XOR A and B)
Sel=000, A=1, B=1, Y=02 (Add A and B)
Sel=001, A=1, B=1, Y=02 (Multiply A by 2 (A + A))
Sel=010, A=1, B=1, Y=02 (Increment A by 1)
Sel=011, A=1, B=1, Y=03 (Increment A by 2)
Sel=100, A=1, B=1, Y=1e (Bit-Wise invert A)
Sel=101, A=1, B=1, Y=01 (Bit-Wise AND A and B)
Sel=110, A=1, B=1, Y=01 (Bit-Wise OR A and B)
Sel=111, A=1, B=1, Y=00 (Bit-Wise XOR A and B)
Sel=000, A=1, B=2, Y=03 (Add A and B)
Sel=001, A=1, B=2, Y=02 (Multiply A by 2 (A + A))
Sel=010, A=1, B=2, Y=02 (Increment A by 1)
Sel=011, A=1, B=2, Y=03 (Increment A by 2)
Sel=100, A=1, B=2, Y=1e (Bit-Wise invert A)
Sel=101, A=1, B=2, Y=00 (Bit-Wise AND A and B)
Sel=110, A=1, B=2, Y=03 (Bit-Wise OR A and B)
Sel=111, A=1, B=2, Y=03 (Bit-Wise XOR A and B)
Sel=000, A=1, B=3, Y=04 (Add A and B)
Sel=001, A=1, B=3, Y=02 (Multiply A by 2 (A + A))
Sel=010, A=1, B=3, Y=02 (Increment A by 1)
Sel=011, A=1, B=3, Y=03 (Increment A by 2)
Sel=100, A=1, B=3, Y=1e (Bit-Wise invert A)
Sel=101, A=1, B=3, Y=01 (Bit-Wise AND A and B)
Sel=110, A=1, B=3, Y=03 (Bit-Wise OR A and B)
Sel=111, A=1, B=3, Y=02 (Bit-Wise XOR A and B)
Sel=000, A=1, B=4, Y=05 (Add A and B)
Sel=001, A=1, B=4, Y=02 (Multiply A by 2 (A + A))
Sel=010, A=1, B=4, Y=02 (Increment A by 1)
Sel=011, A=1, B=4, Y=03 (Increment A by 2)
Sel=100, A=1, B=4, Y=1e (Bit-Wise invert A)
Sel=101, A=1, B=4, Y=00 (Bit-Wise AND A and B)
Sel=110, A=1, B=4, Y=05 (Bit-Wise OR A and B)
Sel=111, A=1, B=4, Y=05 (Bit-Wise XOR A and B)
Sel=000, A=1, B=5, Y=06 (Add A and B)
Sel=001, A=1, B=5, Y=02 (Multiply A by 2 (A + A))
Sel=010, A=1, B=5, Y=02 (Increment A by 1)
Sel=011, A=1, B=5, Y=03 (Increment A by 2)
Sel=100, A=1, B=5, Y=1e (Bit-Wise invert A)
Sel=101, A=1, B=5, Y=01 (Bit-Wise AND A and B)
Sel=110, A=1, B=5, Y=05 (Bit-Wise OR A and B)
Sel=111, A=1, B=5, Y=04 (Bit-Wise XOR A and B)
Sel=000, A=1, B=6, Y=07 (Add A and B)
Sel=001, A=1, B=6, Y=02 (Multiply A by 2 (A + A))
Sel=010, A=1, B=6, Y=02 (Increment A by 1)
Sel=011, A=1, B=6, Y=03 (Increment A by 2)
Sel=100, A=1, B=6, Y=1e (Bit-Wise invert A)
Sel=101, A=1, B=6, Y=00 (Bit-Wise AND A and B)
Sel=110, A=1, B=6, Y=07 (Bit-Wise OR A and B)
Sel=111, A=1, B=6, Y=07 (Bit-Wise XOR A and B)
Sel=000, A=1, B=7, Y=08 (Add A and B)
Sel=001, A=1, B=7, Y=02 (Multiply A by 2 (A + A))
Sel=010, A=1, B=7, Y=02 (Increment A by 1)
Sel=011, A=1, B=7, Y=03 (Increment A by 2)
Sel=100, A=1, B=7, Y=1e (Bit-Wise invert A)
Sel=101, A=1, B=7, Y=01 (Bit-Wise AND A and B)
Sel=110, A=1, B=7, Y=07 (Bit-Wise OR A and B)
Sel=111, A=1, B=7, Y=06 (Bit-Wise XOR A and B)
Sel=000, A=1, B=8, Y=09 (Add A and B)
Sel=001, A=1, B=8, Y=02 (Multiply A by 2 (A + A))
Sel=010, A=1, B=8, Y=02 (Increment A by 1)
Sel=011, A=1, B=8, Y=03 (Increment A by 2)
Sel=100, A=1, B=8, Y=1e (Bit-Wise invert A)
Sel=101, A=1, B=8, Y=00 (Bit-Wise AND A and B)
Sel=110, A=1, B=8, Y=09 (Bit-Wise OR A and B)
Sel=111, A=1, B=8, Y=09 (Bit-Wise XOR A and B)
Sel=000, A=1, B=9, Y=0a (Add A and B)
Sel=001, A=1, B=9, Y=02 (Multiply A by 2 (A + A))
Sel=010, A=1, B=9, Y=02 (Increment A by 1)
Sel=011, A=1, B=9, Y=03 (Increment A by 2)
Sel=100, A=1, B=9, Y=1e (Bit-Wise invert A)
Sel=101, A=1, B=9, Y=01 (Bit-Wise AND A and B)
Sel=110, A=1, B=9, Y=09 (Bit-Wise OR A and B)
Sel=111, A=1, B=9, Y=08 (Bit-Wise XOR A and B)
Sel=000, A=1, B=a, Y=0b (Add A and B)
Sel=001, A=1, B=a, Y=02 (Multiply A by 2 (A + A))
Sel=010, A=1, B=a, Y=02 (Increment A by 1)
Sel=011, A=1, B=a, Y=03 (Increment A by 2)
Sel=100, A=1, B=a, Y=1e (Bit-Wise invert A)
Sel=101, A=1, B=a, Y=00 (Bit-Wise AND A and B)
Sel=110, A=1, B=a, Y=0b (Bit-Wise OR A and B)
Sel=111, A=1, B=a, Y=0b (Bit-Wise XOR A and B)
Sel=000, A=1, B=b, Y=0c (Add A and B)
Sel=001, A=1, B=b, Y=02 (Multiply A by 2 (A + A))
Sel=010, A=1, B=b, Y=02 (Increment A by 1)
Sel=011, A=1, B=b, Y=03 (Increment A by 2)
Sel=100, A=1, B=b, Y=1e (Bit-Wise invert A)
Sel=101, A=1, B=b, Y=01 (Bit-Wise AND A and B)
Sel=110, A=1, B=b, Y=0b (Bit-Wise OR A and B)
Sel=111, A=1, B=b, Y=0a (Bit-Wise XOR A and B)
Sel=000, A=1, B=c, Y=0d (Add A and B)
Sel=001, A=1, B=c, Y=02 (Multiply A by 2 (A + A))
Sel=010, A=1, B=c, Y=02 (Increment A by 1)
Sel=011, A=1, B=c, Y=03 (Increment A by 2)
Sel=100, A=1, B=c, Y=1e (Bit-Wise invert A)
Sel=101, A=1, B=c, Y=00 (Bit-Wise AND A and B)
Sel=110, A=1, B=c, Y=0d (Bit-Wise OR A and B)
Sel=111, A=1, B=c, Y=0d (Bit-Wise XOR A and B)
Sel=000, A=1, B=d, Y=0e (Add A and B)
Sel=001, A=1, B=d, Y=02 (Multiply A by 2 (A + A))
Sel=010, A=1, B=d, Y=02 (Increment A by 1)
Sel=011, A=1, B=d, Y=03 (Increment A by 2)
Sel=100, A=1, B=d, Y=1e (Bit-Wise invert A)
Sel=101, A=1, B=d, Y=01 (Bit-Wise AND A and B)
Sel=110, A=1, B=d, Y=0d (Bit-Wise OR A and B)
Sel=111, A=1, B=d, Y=0c (Bit-Wise XOR A and B)
Sel=000, A=1, B=e, Y=0f (Add A and B)
Sel=001, A=1, B=e, Y=02 (Multiply A by 2 (A + A))
Sel=010, A=1, B=e, Y=02 (Increment A by 1)
Sel=011, A=1, B=e, Y=03 (Increment A by 2)
Sel=100, A=1, B=e, Y=1e (Bit-Wise invert A)
Sel=101, A=1, B=e, Y=00 (Bit-Wise AND A and B)
Sel=110, A=1, B=e, Y=0f (Bit-Wise OR A and B)
Sel=111, A=1, B=e, Y=0f (Bit-Wise XOR A and B)
Sel=000, A=1, B=f, Y=10 (Add A and B)
Sel=001, A=1, B=f, Y=02 (Multiply A by 2 (A + A))
Sel=010, A=1, B=f, Y=02 (Increment A by 1)
Sel=011, A=1, B=f, Y=03 (Increment A by 2)
Sel=100, A=1, B=f, Y=1e (Bit-Wise invert A)
Sel=101, A=1, B=f, Y=01 (Bit-Wise AND A and B)
Sel=110, A=1, B=f, Y=0f (Bit-Wise OR A and B)
Sel=111, A=1, B=f, Y=0e (Bit-Wise XOR A and B)
Sel=000, A=2, B=0, Y=02 (Add A and B)
Sel=001, A=2, B=0, Y=04 (Multiply A by 2 (A + A))
Sel=010, A=2, B=0, Y=03 (Increment A by 1)
Sel=011, A=2, B=0, Y=04 (Increment A by 2)
Sel=100, A=2, B=0, Y=1d (Bit-Wise invert A)
Sel=101, A=2, B=0, Y=00 (Bit-Wise AND A and B)
Sel=110, A=2, B=0, Y=02 (Bit-Wise OR A and B)
Sel=111, A=2, B=0, Y=02 (Bit-Wise XOR A and B)
Sel=000, A=2, B=1, Y=03 (Add A and B)
Sel=001, A=2, B=1, Y=04 (Multiply A by 2 (A + A))
Sel=010, A=2, B=1, Y=03 (Increment A by 1)
Sel=011, A=2, B=1, Y=04 (Increment A by 2)
Sel=100, A=2, B=1, Y=1d (Bit-Wise invert A)
Sel=101, A=2, B=1, Y=00 (Bit-Wise AND A and B)
Sel=110, A=2, B=1, Y=03 (Bit-Wise OR A and B)
Sel=111, A=2, B=1, Y=03 (Bit-Wise XOR A and B)
Sel=000, A=2, B=2, Y=04 (Add A and B)
Sel=001, A=2, B=2, Y=04 (Multiply A by 2 (A + A))
Sel=010, A=2, B=2, Y=03 (Increment A by 1)
Sel=011, A=2, B=2, Y=04 (Increment A by 2)
Sel=100, A=2, B=2, Y=1d (Bit-Wise invert A)
Sel=101, A=2, B=2, Y=02 (Bit-Wise AND A and B)
Sel=110, A=2, B=2, Y=02 (Bit-Wise OR A and B)
Sel=111, A=2, B=2, Y=00 (Bit-Wise XOR A and B)
Sel=000, A=2, B=3, Y=05 (Add A and B)
Sel=001, A=2, B=3, Y=04 (Multiply A by 2 (A + A))
Sel=010, A=2, B=3, Y=03 (Increment A by 1)
Sel=011, A=2, B=3, Y=04 (Increment A by 2)
Sel=100, A=2, B=3, Y=1d (Bit-Wise invert A)
Sel=101, A=2, B=3, Y=02 (Bit-Wise AND A and B)
Sel=110, A=2, B=3, Y=03 (Bit-Wise OR A and B)
Sel=111, A=2, B=3, Y=01 (Bit-Wise XOR A and B)
Sel=000, A=2, B=4, Y=06 (Add A and B)
Sel=001, A=2, B=4, Y=04 (Multiply A by 2 (A + A))
Sel=010, A=2, B=4, Y=03 (Increment A by 1)
Sel=011, A=2, B=4, Y=04 (Increment A by 2)
Sel=100, A=2, B=4, Y=1d (Bit-Wise invert A)
Sel=101, A=2, B=4, Y=00 (Bit-Wise AND A and B)
Sel=110, A=2, B=4, Y=06 (Bit-Wise OR A and B)
Sel=111, A=2, B=4, Y=06 (Bit-Wise XOR A and B)
Sel=000, A=2, B=5, Y=07 (Add A and B)
Sel=001, A=2, B=5, Y=04 (Multiply A by 2 (A + A))
Sel=010, A=2, B=5, Y=03 (Increment A by 1)
Sel=011, A=2, B=5, Y=04 (Increment A by 2)
Sel=100, A=2, B=5, Y=1d (Bit-Wise invert A)
Sel=101, A=2, B=5, Y=00 (Bit-Wise AND A and B)
Sel=110, A=2, B=5, Y=07 (Bit-Wise OR A and B)
Sel=111, A=2, B=5, Y=07 (Bit-Wise XOR A and B)
Sel=000, A=2, B=6, Y=08 (Add A and B)
Sel=001, A=2, B=6, Y=04 (Multiply A by 2 (A + A))
Sel=010, A=2, B=6, Y=03 (Increment A by 1)
Sel=011, A=2, B=6, Y=04 (Increment A by 2)
Sel=100, A=2, B=6, Y=1d (Bit-Wise invert A)
Sel=101, A=2, B=6, Y=02 (Bit-Wise AND A and B)
Sel=110, A=2, B=6, Y=06 (Bit-Wise OR A and B)
Sel=111, A=2, B=6, Y=04 (Bit-Wise XOR A and B)
Sel=000, A=2, B=7, Y=09 (Add A and B)
Sel=001, A=2, B=7, Y=04 (Multiply A by 2 (A + A))
Sel=010, A=2, B=7, Y=03 (Increment A by 1)
Sel=011, A=2, B=7, Y=04 (Increment A by 2)
Sel=100, A=2, B=7, Y=1d (Bit-Wise invert A)
Sel=101, A=2, B=7, Y=02 (Bit-Wise AND A and B)
Sel=110, A=2, B=7, Y=07 (Bit-Wise OR A and B)
Sel=111, A=2, B=7, Y=05 (Bit-Wise XOR A and B)
Sel=000, A=2, B=8, Y=0a (Add A and B)
Sel=001, A=2, B=8, Y=04 (Multiply A by 2 (A + A))
Sel=010, A=2, B=8, Y=03 (Increment A by 1)
Sel=011, A=2, B=8, Y=04 (Increment A by 2)
Sel=100, A=2, B=8, Y=1d (Bit-Wise invert A)
Sel=101, A=2, B=8, Y=00 (Bit-Wise AND A and B)
Sel=110, A=2, B=8, Y=0a (Bit-Wise OR A and B)
Sel=111, A=2, B=8, Y=0a (Bit-Wise XOR A and B)
Sel=000, A=2, B=9, Y=0b (Add A and B)
Sel=001, A=2, B=9, Y=04 (Multiply A by 2 (A + A))
Sel=010, A=2, B=9, Y=03 (Increment A by 1)
Sel=011, A=2, B=9, Y=04 (Increment A by 2)
Sel=100, A=2, B=9, Y=1d (Bit-Wise invert A)
Sel=101, A=2, B=9, Y=00 (Bit-Wise AND A and B)
Sel=110, A=2, B=9, Y=0b (Bit-Wise OR A and B)
Sel=111, A=2, B=9, Y=0b (Bit-Wise XOR A and B)
Sel=000, A=2, B=a, Y=0c (Add A and B)
Sel=001, A=2, B=a, Y=04 (Multiply A by 2 (A + A))
Sel=010, A=2, B=a, Y=03 (Increment A by 1)
Sel=011, A=2, B=a, Y=04 (Increment A by 2)
Sel=100, A=2, B=a, Y=1d (Bit-Wise invert A)
Sel=101, A=2, B=a, Y=02 (Bit-Wise AND A and B)
Sel=110, A=2, B=a, Y=0a (Bit-Wise OR A and B)
Sel=111, A=2, B=a, Y=08 (Bit-Wise XOR A and B)
Sel=000, A=2, B=b, Y=0d (Add A and B)
Sel=001, A=2, B=b, Y=04 (Multiply A by 2 (A + A))
Sel=010, A=2, B=b, Y=03 (Increment A by 1)
Sel=011, A=2, B=b, Y=04 (Increment A by 2)
Sel=100, A=2, B=b, Y=1d (Bit-Wise invert A)
Sel=101, A=2, B=b, Y=02 (Bit-Wise AND A and B)
Sel=110, A=2, B=b, Y=0b (Bit-Wise OR A and B)
Sel=111, A=2, B=b, Y=09 (Bit-Wise XOR A and B)
Sel=000, A=2, B=c, Y=0e (Add A and B)
Sel=001, A=2, B=c, Y=04 (Multiply A by 2 (A + A))
Sel=010, A=2, B=c, Y=03 (Increment A by 1)
Sel=011, A=2, B=c, Y=04 (Increment A by 2)
Sel=100, A=2, B=c, Y=1d (Bit-Wise invert A)
Sel=101, A=2, B=c, Y=00 (Bit-Wise AND A and B)
Sel=110, A=2, B=c, Y=0e (Bit-Wise OR A and B)
Sel=111, A=2, B=c, Y=0e (Bit-Wise XOR A and B)
Sel=000, A=2, B=d, Y=0f (Add A and B)
Sel=001, A=2, B=d, Y=04 (Multiply A by 2 (A + A))
Sel=010, A=2, B=d, Y=03 (Increment A by 1)
Sel=011, A=2, B=d, Y=04 (Increment A by 2)
Sel=100, A=2, B=d, Y=1d (Bit-Wise invert A)
Sel=101, A=2, B=d, Y=00 (Bit-Wise AND A and B)
Sel=110, A=2, B=d, Y=0f (Bit-Wise OR A and B)
Sel=111, A=2, B=d, Y=0f (Bit-Wise XOR A and B)
Sel=000, A=2, B=e, Y=10 (Add A and B)
Sel=001, A=2, B=e, Y=04 (Multiply A by 2 (A + A))
Sel=010, A=2, B=e, Y=03 (Increment A by 1)
Sel=011, A=2, B=e, Y=04 (Increment A by 2)
Sel=100, A=2, B=e, Y=1d (Bit-Wise invert A)
Sel=101, A=2, B=e, Y=02 (Bit-Wise AND A and B)
Sel=110, A=2, B=e, Y=0e (Bit-Wise OR A and B)
Sel=111, A=2, B=e, Y=0c (Bit-Wise XOR A and B)
Sel=000, A=2, B=f, Y=11 (Add A and B)
Sel=001, A=2, B=f, Y=04 (Multiply A by 2 (A + A))
Sel=010, A=2, B=f, Y=03 (Increment A by 1)
Sel=011, A=2, B=f, Y=04 (Increment A by 2)
Sel=100, A=2, B=f, Y=1d (Bit-Wise invert A)
Sel=101, A=2, B=f, Y=02 (Bit-Wise AND A and B)
Sel=110, A=2, B=f, Y=0f (Bit-Wise OR A and B)
Sel=111, A=2, B=f, Y=0d (Bit-Wise XOR A and B)
Sel=000, A=3, B=0, Y=03 (Add A and B)
Sel=001, A=3, B=0, Y=06 (Multiply A by 2 (A + A))
Sel=010, A=3, B=0, Y=04 (Increment A by 1)
Sel=011, A=3, B=0, Y=05 (Increment A by 2)
Sel=100, A=3, B=0, Y=1c (Bit-Wise invert A)
Sel=101, A=3, B=0, Y=00 (Bit-Wise AND A and B)
Sel=110, A=3, B=0, Y=03 (Bit-Wise OR A and B)
Sel=111, A=3, B=0, Y=03 (Bit-Wise XOR A and B)
Sel=000, A=3, B=1, Y=04 (Add A and B)
Sel=001, A=3, B=1, Y=06 (Multiply A by 2 (A + A))
Sel=010, A=3, B=1, Y=04 (Increment A by 1)
Sel=011, A=3, B=1, Y=05 (Increment A by 2)
Sel=100, A=3, B=1, Y=1c (Bit-Wise invert A)
Sel=101, A=3, B=1, Y=01 (Bit-Wise AND A and B)
Sel=110, A=3, B=1, Y=03 (Bit-Wise OR A and B)
Sel=111, A=3, B=1, Y=02 (Bit-Wise XOR A and B)
Sel=000, A=3, B=2, Y=05 (Add A and B)
Sel=001, A=3, B=2, Y=06 (Multiply A by 2 (A + A))
Sel=010, A=3, B=2, Y=04 (Increment A by 1)
Sel=011, A=3, B=2, Y=05 (Increment A by 2)
Sel=100, A=3, B=2, Y=1c (Bit-Wise invert A)
Sel=101, A=3, B=2, Y=02 (Bit-Wise AND A and B)
Sel=110, A=3, B=2, Y=03 (Bit-Wise OR A and B)
Sel=111, A=3, B=2, Y=01 (Bit-Wise XOR A and B)
Sel=000, A=3, B=3, Y=06 (Add A and B)
Sel=001, A=3, B=3, Y=06 (Multiply A by 2 (A + A))
Sel=010, A=3, B=3, Y=04 (Increment A by 1)
Sel=011, A=3, B=3, Y=05 (Increment A by 2)
Sel=100, A=3, B=3, Y=1c (Bit-Wise invert A)
Sel=101, A=3, B=3, Y=03 (Bit-Wise AND A and B)
Sel=110, A=3, B=3, Y=03 (Bit-Wise OR A and B)
Sel=111, A=3, B=3, Y=00 (Bit-Wise XOR A and B)
Sel=000, A=3, B=4, Y=07 (Add A and B)
Sel=001, A=3, B=4, Y=06 (Multiply A by 2 (A + A))
Sel=010, A=3, B=4, Y=04 (Increment A by 1)
Sel=011, A=3, B=4, Y=05 (Increment A by 2)
Sel=100, A=3, B=4, Y=1c (Bit-Wise invert A)
Sel=101, A=3, B=4, Y=00 (Bit-Wise AND A and B)
Sel=110, A=3, B=4, Y=07 (Bit-Wise OR A and B)
Sel=111, A=3, B=4, Y=07 (Bit-Wise XOR A and B)
Sel=000, A=3, B=5, Y=08 (Add A and B)
Sel=001, A=3, B=5, Y=06 (Multiply A by 2 (A + A))
Sel=010, A=3, B=5, Y=04 (Increment A by 1)
Sel=011, A=3, B=5, Y=05 (Increment A by 2)
Sel=100, A=3, B=5, Y=1c (Bit-Wise invert A)
Sel=101, A=3, B=5, Y=01 (Bit-Wise AND A and B)
Sel=110, A=3, B=5, Y=07 (Bit-Wise OR A and B)
Sel=111, A=3, B=5, Y=06 (Bit-Wise XOR A and B)
Sel=000, A=3, B=6, Y=09 (Add A and B)
Sel=001, A=3, B=6, Y=06 (Multiply A by 2 (A + A))
Sel=010, A=3, B=6, Y=04 (Increment A by 1)
Sel=011, A=3, B=6, Y=05 (Increment A by 2)
Sel=100, A=3, B=6, Y=1c (Bit-Wise invert A)
Sel=101, A=3, B=6, Y=02 (Bit-Wise AND A and B)
Sel=110, A=3, B=6, Y=07 (Bit-Wise OR A and B)
Sel=111, A=3, B=6, Y=05 (Bit-Wise XOR A and B)
Sel=000, A=3, B=7, Y=0a (Add A and B)
Sel=001, A=3, B=7, Y=06 (Multiply A by 2 (A + A))
Sel=010, A=3, B=7, Y=04 (Increment A by 1)
Sel=011, A=3, B=7, Y=05 (Increment A by 2)
Sel=100, A=3, B=7, Y=1c (Bit-Wise invert A)
Sel=101, A=3, B=7, Y=03 (Bit-Wise AND A and B)
Sel=110, A=3, B=7, Y=07 (Bit-Wise OR A and B)
Sel=111, A=3, B=7, Y=04 (Bit-Wise XOR A and B)
Sel=000, A=3, B=8, Y=0b (Add A and B)
Sel=001, A=3, B=8, Y=06 (Multiply A by 2 (A + A))
Sel=010, A=3, B=8, Y=04 (Increment A by 1)
Sel=011, A=3, B=8, Y=05 (Increment A by 2)
Sel=100, A=3, B=8, Y=1c (Bit-Wise invert A)
Sel=101, A=3, B=8, Y=00 (Bit-Wise AND A and B)
Sel=110, A=3, B=8, Y=0b (Bit-Wise OR A and B)
Sel=111, A=3, B=8, Y=0b (Bit-Wise XOR A and B)
Sel=000, A=3, B=9, Y=0c (Add A and B)
Sel=001, A=3, B=9, Y=06 (Multiply A by 2 (A + A))
Sel=010, A=3, B=9, Y=04 (Increment A by 1)
Sel=011, A=3, B=9, Y=05 (Increment A by 2)
Sel=100, A=3, B=9, Y=1c (Bit-Wise invert A)
Sel=101, A=3, B=9, Y=01 (Bit-Wise AND A and B)
Sel=110, A=3, B=9, Y=0b (Bit-Wise OR A and B)
Sel=111, A=3, B=9, Y=0a (Bit-Wise XOR A and B)
Sel=000, A=3, B=a, Y=0d (Add A and B)
Sel=001, A=3, B=a, Y=06 (Multiply A by 2 (A + A))
Sel=010, A=3, B=a, Y=04 (Increment A by 1)
Sel=011, A=3, B=a, Y=05 (Increment A by 2)
Sel=100, A=3, B=a, Y=1c (Bit-Wise invert A)
Sel=101, A=3, B=a, Y=02 (Bit-Wise AND A and B)
Sel=110, A=3, B=a, Y=0b (Bit-Wise OR A and B)
Sel=111, A=3, B=a, Y=09 (Bit-Wise XOR A and B)
Sel=000, A=3, B=b, Y=0e (Add A and B)
Sel=001, A=3, B=b, Y=06 (Multiply A by 2 (A + A))
Sel=010, A=3, B=b, Y=04 (Increment A by 1)
Sel=011, A=3, B=b, Y=05 (Increment A by 2)
Sel=100, A=3, B=b, Y=1c (Bit-Wise invert A)
Sel=101, A=3, B=b, Y=03 (Bit-Wise AND A and B)
Sel=110, A=3, B=b, Y=0b (Bit-Wise OR A and B)
Sel=111, A=3, B=b, Y=08 (Bit-Wise XOR A and B)
Sel=000, A=3, B=c, Y=0f (Add A and B)
Sel=001, A=3, B=c, Y=06 (Multiply A by 2 (A + A))
Sel=010, A=3, B=c, Y=04 (Increment A by 1)
Sel=011, A=3, B=c, Y=05 (Increment A by 2)
Sel=100, A=3, B=c, Y=1c (Bit-Wise invert A)
Sel=101, A=3, B=c, Y=00 (Bit-Wise AND A and B)
Sel=110, A=3, B=c, Y=0f (Bit-Wise OR A and B)
Sel=111, A=3, B=c, Y=0f (Bit-Wise XOR A and B)
Sel=000, A=3, B=d, Y=10 (Add A and B)
Sel=001, A=3, B=d, Y=06 (Multiply A by 2 (A + A))
Sel=010, A=3, B=d, Y=04 (Increment A by 1)
Sel=011, A=3, B=d, Y=05 (Increment A by 2)
Sel=100, A=3, B=d, Y=1c (Bit-Wise invert A)
Sel=101, A=3, B=d, Y=01 (Bit-Wise AND A and B)
Sel=110, A=3, B=d, Y=0f (Bit-Wise OR A and B)
Sel=111, A=3, B=d, Y=0e (Bit-Wise XOR A and B)
Sel=000, A=3, B=e, Y=11 (Add A and B)
Sel=001, A=3, B=e, Y=06 (Multiply A by 2 (A + A))
Sel=010, A=3, B=e, Y=04 (Increment A by 1)
Sel=011, A=3, B=e, Y=05 (Increment A by 2)
Sel=100, A=3, B=e, Y=1c (Bit-Wise invert A)
Sel=101, A=3, B=e, Y=02 (Bit-Wise AND A and B)
Sel=110, A=3, B=e, Y=0f (Bit-Wise OR A and B)
Sel=111, A=3, B=e, Y=0d (Bit-Wise XOR A and B)
Sel=000, A=3, B=f, Y=12 (Add A and B)
Sel=001, A=3, B=f, Y=06 (Multiply A by 2 (A + A))
Sel=010, A=3, B=f, Y=04 (Increment A by 1)
Sel=011, A=3, B=f, Y=05 (Increment A by 2)
Sel=100, A=3, B=f, Y=1c (Bit-Wise invert A)
Sel=101, A=3, B=f, Y=03 (Bit-Wise AND A and B)
Sel=110, A=3, B=f, Y=0f (Bit-Wise OR A and B)
Sel=111, A=3, B=f, Y=0c (Bit-Wise XOR A and B)
Sel=000, A=4, B=0, Y=04 (Add A and B)
Sel=001, A=4, B=0, Y=08 (Multiply A by 2 (A + A))
Sel=010, A=4, B=0, Y=05 (Increment A by 1)
Sel=011, A=4, B=0, Y=06 (Increment A by 2)
Sel=100, A=4, B=0, Y=1b (Bit-Wise invert A)
Sel=101, A=4, B=0, Y=00 (Bit-Wise AND A and B)
Sel=110, A=4, B=0, Y=04 (Bit-Wise OR A and B)
Sel=111, A=4, B=0, Y=04 (Bit-Wise XOR A and B)
Sel=000, A=4, B=1, Y=05 (Add A and B)
Sel=001, A=4, B=1, Y=08 (Multiply A by 2 (A + A))
Sel=010, A=4, B=1, Y=05 (Increment A by 1)
Sel=011, A=4, B=1, Y=06 (Increment A by 2)
Sel=100, A=4, B=1, Y=1b (Bit-Wise invert A)
Sel=101, A=4, B=1, Y=00 (Bit-Wise AND A and B)
Sel=110, A=4, B=1, Y=05 (Bit-Wise OR A and B)
Sel=111, A=4, B=1, Y=05 (Bit-Wise XOR A and B)
Sel=000, A=4, B=2, Y=06 (Add A and B)
Sel=001, A=4, B=2, Y=08 (Multiply A by 2 (A + A))
Sel=010, A=4, B=2, Y=05 (Increment A by 1)
Sel=011, A=4, B=2, Y=06 (Increment A by 2)
Sel=100, A=4, B=2, Y=1b (Bit-Wise invert A)
Sel=101, A=4, B=2, Y=00 (Bit-Wise AND A and B)
Sel=110, A=4, B=2, Y=06 (Bit-Wise OR A and B)
Sel=111, A=4, B=2, Y=06 (Bit-Wise XOR A and B)
Sel=000, A=4, B=3, Y=07 (Add A and B)
Sel=001, A=4, B=3, Y=08 (Multiply A by 2 (A + A))
Sel=010, A=4, B=3, Y=05 (Increment A by 1)
Sel=011, A=4, B=3, Y=06 (Increment A by 2)
Sel=100, A=4, B=3, Y=1b (Bit-Wise invert A)
Sel=101, A=4, B=3, Y=00 (Bit-Wise AND A and B)
Sel=110, A=4, B=3, Y=07 (Bit-Wise OR A and B)
Sel=111, A=4, B=3, Y=07 (Bit-Wise XOR A and B)
Sel=000, A=4, B=4, Y=08 (Add A and B)
Sel=001, A=4, B=4, Y=08 (Multiply A by 2 (A + A))
Sel=010, A=4, B=4, Y=05 (Increment A by 1)
Sel=011, A=4, B=4, Y=06 (Increment A by 2)
Sel=100, A=4, B=4, Y=1b (Bit-Wise invert A)
Sel=101, A=4, B=4, Y=04 (Bit-Wise AND A and B)
Sel=110, A=4, B=4, Y=04 (Bit-Wise OR A and B)
Sel=111, A=4, B=4, Y=00 (Bit-Wise XOR A and B)
Sel=000, A=4, B=5, Y=09 (Add A and B)
Sel=001, A=4, B=5, Y=08 (Multiply A by 2 (A + A))
Sel=010, A=4, B=5, Y=05 (Increment A by 1)
Sel=011, A=4, B=5, Y=06 (Increment A by 2)
Sel=100, A=4, B=5, Y=1b (Bit-Wise invert A)
Sel=101, A=4, B=5, Y=04 (Bit-Wise AND A and B)
Sel=110, A=4, B=5, Y=05 (Bit-Wise OR A and B)
Sel=111, A=4, B=5, Y=01 (Bit-Wise XOR A and B)
Sel=000, A=4, B=6, Y=0a (Add A and B)
Sel=001, A=4, B=6, Y=08 (Multiply A by 2 (A + A))
Sel=010, A=4, B=6, Y=05 (Increment A by 1)
Sel=011, A=4, B=6, Y=06 (Increment A by 2)
Sel=100, A=4, B=6, Y=1b (Bit-Wise invert A)
Sel=101, A=4, B=6, Y=04 (Bit-Wise AND A and B)
Sel=110, A=4, B=6, Y=06 (Bit-Wise OR A and B)
Sel=111, A=4, B=6, Y=02 (Bit-Wise XOR A and B)
Sel=000, A=4, B=7, Y=0b (Add A and B)
Sel=001, A=4, B=7, Y=08 (Multiply A by 2 (A + A))
Sel=010, A=4, B=7, Y=05 (Increment A by 1)
Sel=011, A=4, B=7, Y=06 (Increment A by 2)
Sel=100, A=4, B=7, Y=1b (Bit-Wise invert A)
Sel=101, A=4, B=7, Y=04 (Bit-Wise AND A and B)
Sel=110, A=4, B=7, Y=07 (Bit-Wise OR A and B)
Sel=111, A=4, B=7, Y=03 (Bit-Wise XOR A and B)
Sel=000, A=4, B=8, Y=0c (Add A and B)
Sel=001, A=4, B=8, Y=08 (Multiply A by 2 (A + A))
Sel=010, A=4, B=8, Y=05 (Increment A by 1)
Sel=011, A=4, B=8, Y=06 (Increment A by 2)
Sel=100, A=4, B=8, Y=1b (Bit-Wise invert A)
Sel=101, A=4, B=8, Y=00 (Bit-Wise AND A and B)
Sel=110, A=4, B=8, Y=0c (Bit-Wise OR A and B)
Sel=111, A=4, B=8, Y=0c (Bit-Wise XOR A and B)
Sel=000, A=4, B=9, Y=0d (Add A and B)
Sel=001, A=4, B=9, Y=08 (Multiply A by 2 (A + A))
Sel=010, A=4, B=9, Y=05 (Increment A by 1)
Sel=011, A=4, B=9, Y=06 (Increment A by 2)
Sel=100, A=4, B=9, Y=1b (Bit-Wise invert A)
Sel=101, A=4, B=9, Y=00 (Bit-Wise AND A and B)
Sel=110, A=4, B=9, Y=0d (Bit-Wise OR A and B)
Sel=111, A=4, B=9, Y=0d (Bit-Wise XOR A and B)
Sel=000, A=4, B=a, Y=0e (Add A and B)
Sel=001, A=4, B=a, Y=08 (Multiply A by 2 (A + A))
Sel=010, A=4, B=a, Y=05 (Increment A by 1)
Sel=011, A=4, B=a, Y=06 (Increment A by 2)
Sel=100, A=4, B=a, Y=1b (Bit-Wise invert A)
Sel=101, A=4, B=a, Y=00 (Bit-Wise AND A and B)
Sel=110, A=4, B=a, Y=0e (Bit-Wise OR A and B)
Sel=111, A=4, B=a, Y=0e (Bit-Wise XOR A and B)
Sel=000, A=4, B=b, Y=0f (Add A and B)
Sel=001, A=4, B=b, Y=08 (Multiply A by 2 (A + A))
Sel=010, A=4, B=b, Y=05 (Increment A by 1)
Sel=011, A=4, B=b, Y=06 (Increment A by 2)
Sel=100, A=4, B=b, Y=1b (Bit-Wise invert A)
Sel=101, A=4, B=b, Y=00 (Bit-Wise AND A and B)
Sel=110, A=4, B=b, Y=0f (Bit-Wise OR A and B)
Sel=111, A=4, B=b, Y=0f (Bit-Wise XOR A and B)
Sel=000, A=4, B=c, Y=10 (Add A and B)
Sel=001, A=4, B=c, Y=08 (Multiply A by 2 (A + A))
Sel=010, A=4, B=c, Y=05 (Increment A by 1)
Sel=011, A=4, B=c, Y=06 (Increment A by 2)
Sel=100, A=4, B=c, Y=1b (Bit-Wise invert A)
Sel=101, A=4, B=c, Y=04 (Bit-Wise AND A and B)
Sel=110, A=4, B=c, Y=0c (Bit-Wise OR A and B)
Sel=111, A=4, B=c, Y=08 (Bit-Wise XOR A and B)
Sel=000, A=4, B=d, Y=11 (Add A and B)
Sel=001, A=4, B=d, Y=08 (Multiply A by 2 (A + A))
Sel=010, A=4, B=d, Y=05 (Increment A by 1)
Sel=011, A=4, B=d, Y=06 (Increment A by 2)
Sel=100, A=4, B=d, Y=1b (Bit-Wise invert A)
Sel=101, A=4, B=d, Y=04 (Bit-Wise AND A and B)
Sel=110, A=4, B=d, Y=0d (Bit-Wise OR A and B)
Sel=111, A=4, B=d, Y=09 (Bit-Wise XOR A and B)
Sel=000, A=4, B=e, Y=12 (Add A and B)
Sel=001, A=4, B=e, Y=08 (Multiply A by 2 (A + A))
Sel=010, A=4, B=e, Y=05 (Increment A by 1)
Sel=011, A=4, B=e, Y=06 (Increment A by 2)
Sel=100, A=4, B=e, Y=1b (Bit-Wise invert A)
Sel=101, A=4, B=e, Y=04 (Bit-Wise AND A and B)
Sel=110, A=4, B=e, Y=0e (Bit-Wise OR A and B)
Sel=111, A=4, B=e, Y=0a (Bit-Wise XOR A and B)
Sel=000, A=4, B=f, Y=13 (Add A and B)
Sel=001, A=4, B=f, Y=08 (Multiply A by 2 (A + A))
Sel=010, A=4, B=f, Y=05 (Increment A by 1)
Sel=011, A=4, B=f, Y=06 (Increment A by 2)
Sel=100, A=4, B=f, Y=1b (Bit-Wise invert A)
Sel=101, A=4, B=f, Y=04 (Bit-Wise AND A and B)
Sel=110, A=4, B=f, Y=0f (Bit-Wise OR A and B)
Sel=111, A=4, B=f, Y=0b (Bit-Wise XOR A and B)
Sel=000, A=5, B=0, Y=05 (Add A and B)
Sel=001, A=5, B=0, Y=0a (Multiply A by 2 (A + A))
Sel=010, A=5, B=0, Y=06 (Increment A by 1)
Sel=011, A=5, B=0, Y=07 (Increment A by 2)
Sel=100, A=5, B=0, Y=1a (Bit-Wise invert A)
Sel=101, A=5, B=0, Y=00 (Bit-Wise AND A and B)
Sel=110, A=5, B=0, Y=05 (Bit-Wise OR A and B)
Sel=111, A=5, B=0, Y=05 (Bit-Wise XOR A and B)
Sel=000, A=5, B=1, Y=06 (Add A and B)
Sel=001, A=5, B=1, Y=0a (Multiply A by 2 (A + A))
Sel=010, A=5, B=1, Y=06 (Increment A by 1)
Sel=011, A=5, B=1, Y=07 (Increment A by 2)
Sel=100, A=5, B=1, Y=1a (Bit-Wise invert A)
Sel=101, A=5, B=1, Y=01 (Bit-Wise AND A and B)
Sel=110, A=5, B=1, Y=05 (Bit-Wise OR A and B)
Sel=111, A=5, B=1, Y=04 (Bit-Wise XOR A and B)
Sel=000, A=5, B=2, Y=07 (Add A and B)
Sel=001, A=5, B=2, Y=0a (Multiply A by 2 (A + A))
Sel=010, A=5, B=2, Y=06 (Increment A by 1)
Sel=011, A=5, B=2, Y=07 (Increment A by 2)
Sel=100, A=5, B=2, Y=1a (Bit-Wise invert A)
Sel=101, A=5, B=2, Y=00 (Bit-Wise AND A and B)
Sel=110, A=5, B=2, Y=07 (Bit-Wise OR A and B)
Sel=111, A=5, B=2, Y=07 (Bit-Wise XOR A and B)
Sel=000, A=5, B=3, Y=08 (Add A and B)
Sel=001, A=5, B=3, Y=0a (Multiply A by 2 (A + A))
Sel=010, A=5, B=3, Y=06 (Increment A by 1)
Sel=011, A=5, B=3, Y=07 (Increment A by 2)
Sel=100, A=5, B=3, Y=1a (Bit-Wise invert A)
Sel=101, A=5, B=3, Y=01 (Bit-Wise AND A and B)
Sel=110, A=5, B=3, Y=07 (Bit-Wise OR A and B)
Sel=111, A=5, B=3, Y=06 (Bit-Wise XOR A and B)
Sel=000, A=5, B=4, Y=09 (Add A and B)
Sel=001, A=5, B=4, Y=0a (Multiply A by 2 (A + A))
Sel=010, A=5, B=4, Y=06 (Increment A by 1)
Sel=011, A=5, B=4, Y=07 (Increment A by 2)
Sel=100, A=5, B=4, Y=1a (Bit-Wise invert A)
Sel=101, A=5, B=4, Y=04 (Bit-Wise AND A and B)
Sel=110, A=5, B=4, Y=05 (Bit-Wise OR A and B)
Sel=111, A=5, B=4, Y=01 (Bit-Wise XOR A and B)
Sel=000, A=5, B=5, Y=0a (Add A and B)
Sel=001, A=5, B=5, Y=0a (Multiply A by 2 (A + A))
Sel=010, A=5, B=5, Y=06 (Increment A by 1)
Sel=011, A=5, B=5, Y=07 (Increment A by 2)
Sel=100, A=5, B=5, Y=1a (Bit-Wise invert A)
Sel=101, A=5, B=5, Y=05 (Bit-Wise AND A and B)
Sel=110, A=5, B=5, Y=05 (Bit-Wise OR A and B)
Sel=111, A=5, B=5, Y=00 (Bit-Wise XOR A and B)
Sel=000, A=5, B=6, Y=0b (Add A and B)
Sel=001, A=5, B=6, Y=0a (Multiply A by 2 (A + A))
Sel=010, A=5, B=6, Y=06 (Increment A by 1)
Sel=011, A=5, B=6, Y=07 (Increment A by 2)
Sel=100, A=5, B=6, Y=1a (Bit-Wise invert A)
Sel=101, A=5, B=6, Y=04 (Bit-Wise AND A and B)
Sel=110, A=5, B=6, Y=07 (Bit-Wise OR A and B)
Sel=111, A=5, B=6, Y=03 (Bit-Wise XOR A and B)
Sel=000, A=5, B=7, Y=0c (Add A and B)
Sel=001, A=5, B=7, Y=0a (Multiply A by 2 (A + A))
Sel=010, A=5, B=7, Y=06 (Increment A by 1)
Sel=011, A=5, B=7, Y=07 (Increment A by 2)
Sel=100, A=5, B=7, Y=1a (Bit-Wise invert A)
Sel=101, A=5, B=7, Y=05 (Bit-Wise AND A and B)
Sel=110, A=5, B=7, Y=07 (Bit-Wise OR A and B)
Sel=111, A=5, B=7, Y=02 (Bit-Wise XOR A and B)
Sel=000, A=5, B=8, Y=0d (Add A and B)
Sel=001, A=5, B=8, Y=0a (Multiply A by 2 (A + A))
Sel=010, A=5, B=8, Y=06 (Increment A by 1)
Sel=011, A=5, B=8, Y=07 (Increment A by 2)
Sel=100, A=5, B=8, Y=1a (Bit-Wise invert A)
Sel=101, A=5, B=8, Y=00 (Bit-Wise AND A and B)
Sel=110, A=5, B=8, Y=0d (Bit-Wise OR A and B)
Sel=111, A=5, B=8, Y=0d (Bit-Wise XOR A and B)
Sel=000, A=5, B=9, Y=0e (Add A and B)
Sel=001, A=5, B=9, Y=0a (Multiply A by 2 (A + A))
Sel=010, A=5, B=9, Y=06 (Increment A by 1)
Sel=011, A=5, B=9, Y=07 (Increment A by 2)
Sel=100, A=5, B=9, Y=1a (Bit-Wise invert A)
Sel=101, A=5, B=9, Y=01 (Bit-Wise AND A and B)
Sel=110, A=5, B=9, Y=0d (Bit-Wise OR A and B)
Sel=111, A=5, B=9, Y=0c (Bit-Wise XOR A and B)
Sel=000, A=5, B=a, Y=0f (Add A and B)
Sel=001, A=5, B=a, Y=0a (Multiply A by 2 (A + A))
Sel=010, A=5, B=a, Y=06 (Increment A by 1)
Sel=011, A=5, B=a, Y=07 (Increment A by 2)
Sel=100, A=5, B=a, Y=1a (Bit-Wise invert A)
Sel=101, A=5, B=a, Y=00 (Bit-Wise AND A and B)
Sel=110, A=5, B=a, Y=0f (Bit-Wise OR A and B)
Sel=111, A=5, B=a, Y=0f (Bit-Wise XOR A and B)
Sel=000, A=5, B=b, Y=10 (Add A and B)
Sel=001, A=5, B=b, Y=0a (Multiply A by 2 (A + A))
Sel=010, A=5, B=b, Y=06 (Increment A by 1)
Sel=011, A=5, B=b, Y=07 (Increment A by 2)
Sel=100, A=5, B=b, Y=1a (Bit-Wise invert A)
Sel=101, A=5, B=b, Y=01 (Bit-Wise AND A and B)
Sel=110, A=5, B=b, Y=0f (Bit-Wise OR A and B)
Sel=111, A=5, B=b, Y=0e (Bit-Wise XOR A and B)
Sel=000, A=5, B=c, Y=11 (Add A and B)
Sel=001, A=5, B=c, Y=0a (Multiply A by 2 (A + A))
Sel=010, A=5, B=c, Y=06 (Increment A by 1)
Sel=011, A=5, B=c, Y=07 (Increment A by 2)
Sel=100, A=5, B=c, Y=1a (Bit-Wise invert A)
Sel=101, A=5, B=c, Y=04 (Bit-Wise AND A and B)
Sel=110, A=5, B=c, Y=0d (Bit-Wise OR A and B)
Sel=111, A=5, B=c, Y=09 (Bit-Wise XOR A and B)
Sel=000, A=5, B=d, Y=12 (Add A and B)
Sel=001, A=5, B=d, Y=0a (Multiply A by 2 (A + A))
Sel=010, A=5, B=d, Y=06 (Increment A by 1)
Sel=011, A=5, B=d, Y=07 (Increment A by 2)
Sel=100, A=5, B=d, Y=1a (Bit-Wise invert A)
Sel=101, A=5, B=d, Y=05 (Bit-Wise AND A and B)
Sel=110, A=5, B=d, Y=0d (Bit-Wise OR A and B)
Sel=111, A=5, B=d, Y=08 (Bit-Wise XOR A and B)
Sel=000, A=5, B=e, Y=13 (Add A and B)
Sel=001, A=5, B=e, Y=0a (Multiply A by 2 (A + A))
Sel=010, A=5, B=e, Y=06 (Increment A by 1)
Sel=011, A=5, B=e, Y=07 (Increment A by 2)
Sel=100, A=5, B=e, Y=1a (Bit-Wise invert A)
Sel=101, A=5, B=e, Y=04 (Bit-Wise AND A and B)
Sel=110, A=5, B=e, Y=0f (Bit-Wise OR A and B)
Sel=111, A=5, B=e, Y=0b (Bit-Wise XOR A and B)
Sel=000, A=5, B=f, Y=14 (Add A and B)
Sel=001, A=5, B=f, Y=0a (Multiply A by 2 (A + A))
Sel=010, A=5, B=f, Y=06 (Increment A by 1)
Sel=011, A=5, B=f, Y=07 (Increment A by 2)
Sel=100, A=5, B=f, Y=1a (Bit-Wise invert A)
Sel=101, A=5, B=f, Y=05 (Bit-Wise AND A and B)
Sel=110, A=5, B=f, Y=0f (Bit-Wise OR A and B)
Sel=111, A=5, B=f, Y=0a (Bit-Wise XOR A and B)
Sel=000, A=6, B=0, Y=06 (Add A and B)
Sel=001, A=6, B=0, Y=0c (Multiply A by 2 (A + A))
Sel=010, A=6, B=0, Y=07 (Increment A by 1)
Sel=011, A=6, B=0, Y=08 (Increment A by 2)
Sel=100, A=6, B=0, Y=19 (Bit-Wise invert A)
Sel=101, A=6, B=0, Y=00 (Bit-Wise AND A and B)
Sel=110, A=6, B=0, Y=06 (Bit-Wise OR A and B)
Sel=111, A=6, B=0, Y=06 (Bit-Wise XOR A and B)
Sel=000, A=6, B=1, Y=07 (Add A and B)
Sel=001, A=6, B=1, Y=0c (Multiply A by 2 (A + A))
Sel=010, A=6, B=1, Y=07 (Increment A by 1)
Sel=011, A=6, B=1, Y=08 (Increment A by 2)
Sel=100, A=6, B=1, Y=19 (Bit-Wise invert A)
Sel=101, A=6, B=1, Y=00 (Bit-Wise AND A and B)
Sel=110, A=6, B=1, Y=07 (Bit-Wise OR A and B)
Sel=111, A=6, B=1, Y=07 (Bit-Wise XOR A and B)
Sel=000, A=6, B=2, Y=08 (Add A and B)
Sel=001, A=6, B=2, Y=0c (Multiply A by 2 (A + A))
Sel=010, A=6, B=2, Y=07 (Increment A by 1)
Sel=011, A=6, B=2, Y=08 (Increment A by 2)
Sel=100, A=6, B=2, Y=19 (Bit-Wise invert A)
Sel=101, A=6, B=2, Y=02 (Bit-Wise AND A and B)
Sel=110, A=6, B=2, Y=06 (Bit-Wise OR A and B)
Sel=111, A=6, B=2, Y=04 (Bit-Wise XOR A and B)
Sel=000, A=6, B=3, Y=09 (Add A and B)
Sel=001, A=6, B=3, Y=0c (Multiply A by 2 (A + A))
Sel=010, A=6, B=3, Y=07 (Increment A by 1)
Sel=011, A=6, B=3, Y=08 (Increment A by 2)
Sel=100, A=6, B=3, Y=19 (Bit-Wise invert A)
Sel=101, A=6, B=3, Y=02 (Bit-Wise AND A and B)
Sel=110, A=6, B=3, Y=07 (Bit-Wise OR A and B)
Sel=111, A=6, B=3, Y=05 (Bit-Wise XOR A and B)
Sel=000, A=6, B=4, Y=0a (Add A and B)
Sel=001, A=6, B=4, Y=0c (Multiply A by 2 (A + A))
Sel=010, A=6, B=4, Y=07 (Increment A by 1)
Sel=011, A=6, B=4, Y=08 (Increment A by 2)
Sel=100, A=6, B=4, Y=19 (Bit-Wise invert A)
Sel=101, A=6, B=4, Y=04 (Bit-Wise AND A and B)
Sel=110, A=6, B=4, Y=06 (Bit-Wise OR A and B)
Sel=111, A=6, B=4, Y=02 (Bit-Wise XOR A and B)
Sel=000, A=6, B=5, Y=0b (Add A and B)
Sel=001, A=6, B=5, Y=0c (Multiply A by 2 (A + A))
Sel=010, A=6, B=5, Y=07 (Increment A by 1)
Sel=011, A=6, B=5, Y=08 (Increment A by 2)
Sel=100, A=6, B=5, Y=19 (Bit-Wise invert A)
Sel=101, A=6, B=5, Y=04 (Bit-Wise AND A and B)
Sel=110, A=6, B=5, Y=07 (Bit-Wise OR A and B)
Sel=111, A=6, B=5, Y=03 (Bit-Wise XOR A and B)
Sel=000, A=6, B=6, Y=0c (Add A and B)
Sel=001, A=6, B=6, Y=0c (Multiply A by 2 (A + A))
Sel=010, A=6, B=6, Y=07 (Increment A by 1)
Sel=011, A=6, B=6, Y=08 (Increment A by 2)
Sel=100, A=6, B=6, Y=19 (Bit-Wise invert A)
Sel=101, A=6, B=6, Y=06 (Bit-Wise AND A and B)
Sel=110, A=6, B=6, Y=06 (Bit-Wise OR A and B)
Sel=111, A=6, B=6, Y=00 (Bit-Wise XOR A and B)
Sel=000, A=6, B=7, Y=0d (Add A and B)
Sel=001, A=6, B=7, Y=0c (Multiply A by 2 (A + A))
Sel=010, A=6, B=7, Y=07 (Increment A by 1)
Sel=011, A=6, B=7, Y=08 (Increment A by 2)
Sel=100, A=6, B=7, Y=19 (Bit-Wise invert A)
Sel=101, A=6, B=7, Y=06 (Bit-Wise AND A and B)
Sel=110, A=6, B=7, Y=07 (Bit-Wise OR A and B)
Sel=111, A=6, B=7, Y=01 (Bit-Wise XOR A and B)
Sel=000, A=6, B=8, Y=0e (Add A and B)
Sel=001, A=6, B=8, Y=0c (Multiply A by 2 (A + A))
Sel=010, A=6, B=8, Y=07 (Increment A by 1)
Sel=011, A=6, B=8, Y=08 (Increment A by 2)
Sel=100, A=6, B=8, Y=19 (Bit-Wise invert A)
Sel=101, A=6, B=8, Y=00 (Bit-Wise AND A and B)
Sel=110, A=6, B=8, Y=0e (Bit-Wise OR A and B)
Sel=111, A=6, B=8, Y=0e (Bit-Wise XOR A and B)
Sel=000, A=6, B=9, Y=0f (Add A and B)
Sel=001, A=6, B=9, Y=0c (Multiply A by 2 (A + A))
Sel=010, A=6, B=9, Y=07 (Increment A by 1)
Sel=011, A=6, B=9, Y=08 (Increment A by 2)
Sel=100, A=6, B=9, Y=19 (Bit-Wise invert A)
Sel=101, A=6, B=9, Y=00 (Bit-Wise AND A and B)
Sel=110, A=6, B=9, Y=0f (Bit-Wise OR A and B)
Sel=111, A=6, B=9, Y=0f (Bit-Wise XOR A and B)
Sel=000, A=6, B=a, Y=10 (Add A and B)
Sel=001, A=6, B=a, Y=0c (Multiply A by 2 (A + A))
Sel=010, A=6, B=a, Y=07 (Increment A by 1)
Sel=011, A=6, B=a, Y=08 (Increment A by 2)
Sel=100, A=6, B=a, Y=19 (Bit-Wise invert A)
Sel=101, A=6, B=a, Y=02 (Bit-Wise AND A and B)
Sel=110, A=6, B=a, Y=0e (Bit-Wise OR A and B)
Sel=111, A=6, B=a, Y=0c (Bit-Wise XOR A and B)
Sel=000, A=6, B=b, Y=11 (Add A and B)
Sel=001, A=6, B=b, Y=0c (Multiply A by 2 (A + A))
Sel=010, A=6, B=b, Y=07 (Increment A by 1)
Sel=011, A=6, B=b, Y=08 (Increment A by 2)
Sel=100, A=6, B=b, Y=19 (Bit-Wise invert A)
Sel=101, A=6, B=b, Y=02 (Bit-Wise AND A and B)
Sel=110, A=6, B=b, Y=0f (Bit-Wise OR A and B)
Sel=111, A=6, B=b, Y=0d (Bit-Wise XOR A and B)
Sel=000, A=6, B=c, Y=12 (Add A and B)
Sel=001, A=6, B=c, Y=0c (Multiply A by 2 (A + A))
Sel=010, A=6, B=c, Y=07 (Increment A by 1)
Sel=011, A=6, B=c, Y=08 (Increment A by 2)
Sel=100, A=6, B=c, Y=19 (Bit-Wise invert A)
Sel=101, A=6, B=c, Y=04 (Bit-Wise AND A and B)
Sel=110, A=6, B=c, Y=0e (Bit-Wise OR A and B)
Sel=111, A=6, B=c, Y=0a (Bit-Wise XOR A and B)
Sel=000, A=6, B=d, Y=13 (Add A and B)
Sel=001, A=6, B=d, Y=0c (Multiply A by 2 (A + A))
Sel=010, A=6, B=d, Y=07 (Increment A by 1)
Sel=011, A=6, B=d, Y=08 (Increment A by 2)
Sel=100, A=6, B=d, Y=19 (Bit-Wise invert A)
Sel=101, A=6, B=d, Y=04 (Bit-Wise AND A and B)
Sel=110, A=6, B=d, Y=0f (Bit-Wise OR A and B)
Sel=111, A=6, B=d, Y=0b (Bit-Wise XOR A and B)
Sel=000, A=6, B=e, Y=14 (Add A and B)
Sel=001, A=6, B=e, Y=0c (Multiply A by 2 (A + A))
Sel=010, A=6, B=e, Y=07 (Increment A by 1)
Sel=011, A=6, B=e, Y=08 (Increment A by 2)
Sel=100, A=6, B=e, Y=19 (Bit-Wise invert A)
Sel=101, A=6, B=e, Y=06 (Bit-Wise AND A and B)
Sel=110, A=6, B=e, Y=0e (Bit-Wise OR A and B)
Sel=111, A=6, B=e, Y=08 (Bit-Wise XOR A and B)
Sel=000, A=6, B=f, Y=15 (Add A and B)
Sel=001, A=6, B=f, Y=0c (Multiply A by 2 (A + A))
Sel=010, A=6, B=f, Y=07 (Increment A by 1)
Sel=011, A=6, B=f, Y=08 (Increment A by 2)
Sel=100, A=6, B=f, Y=19 (Bit-Wise invert A)
Sel=101, A=6, B=f, Y=06 (Bit-Wise AND A and B)
Sel=110, A=6, B=f, Y=0f (Bit-Wise OR A and B)
Sel=111, A=6, B=f, Y=09 (Bit-Wise XOR A and B)
Sel=000, A=7, B=0, Y=07 (Add A and B)
Sel=001, A=7, B=0, Y=0e (Multiply A by 2 (A + A))
Sel=010, A=7, B=0, Y=08 (Increment A by 1)
Sel=011, A=7, B=0, Y=09 (Increment A by 2)
Sel=100, A=7, B=0, Y=18 (Bit-Wise invert A)
Sel=101, A=7, B=0, Y=00 (Bit-Wise AND A and B)
Sel=110, A=7, B=0, Y=07 (Bit-Wise OR A and B)
Sel=111, A=7, B=0, Y=07 (Bit-Wise XOR A and B)
Sel=000, A=7, B=1, Y=08 (Add A and B)
Sel=001, A=7, B=1, Y=0e (Multiply A by 2 (A + A))
Sel=010, A=7, B=1, Y=08 (Increment A by 1)
Sel=011, A=7, B=1, Y=09 (Increment A by 2)
Sel=100, A=7, B=1, Y=18 (Bit-Wise invert A)
Sel=101, A=7, B=1, Y=01 (Bit-Wise AND A and B)
Sel=110, A=7, B=1, Y=07 (Bit-Wise OR A and B)
Sel=111, A=7, B=1, Y=06 (Bit-Wise XOR A and B)
Sel=000, A=7, B=2, Y=09 (Add A and B)
Sel=001, A=7, B=2, Y=0e (Multiply A by 2 (A + A))
Sel=010, A=7, B=2, Y=08 (Increment A by 1)
Sel=011, A=7, B=2, Y=09 (Increment A by 2)
Sel=100, A=7, B=2, Y=18 (Bit-Wise invert A)
Sel=101, A=7, B=2, Y=02 (Bit-Wise AND A and B)
Sel=110, A=7, B=2, Y=07 (Bit-Wise OR A and B)
Sel=111, A=7, B=2, Y=05 (Bit-Wise XOR A and B)
Sel=000, A=7, B=3, Y=0a (Add A and B)
Sel=001, A=7, B=3, Y=0e (Multiply A by 2 (A + A))
Sel=010, A=7, B=3, Y=08 (Increment A by 1)
Sel=011, A=7, B=3, Y=09 (Increment A by 2)
Sel=100, A=7, B=3, Y=18 (Bit-Wise invert A)
Sel=101, A=7, B=3, Y=03 (Bit-Wise AND A and B)
Sel=110, A=7, B=3, Y=07 (Bit-Wise OR A and B)
Sel=111, A=7, B=3, Y=04 (Bit-Wise XOR A and B)
Sel=000, A=7, B=4, Y=0b (Add A and B)
Sel=001, A=7, B=4, Y=0e (Multiply A by 2 (A + A))
Sel=010, A=7, B=4, Y=08 (Increment A by 1)
Sel=011, A=7, B=4, Y=09 (Increment A by 2)
Sel=100, A=7, B=4, Y=18 (Bit-Wise invert A)
Sel=101, A=7, B=4, Y=04 (Bit-Wise AND A and B)
Sel=110, A=7, B=4, Y=07 (Bit-Wise OR A and B)
Sel=111, A=7, B=4, Y=03 (Bit-Wise XOR A and B)
Sel=000, A=7, B=5, Y=0c (Add A and B)
Sel=001, A=7, B=5, Y=0e (Multiply A by 2 (A + A))
Sel=010, A=7, B=5, Y=08 (Increment A by 1)
Sel=011, A=7, B=5, Y=09 (Increment A by 2)
Sel=100, A=7, B=5, Y=18 (Bit-Wise invert A)
Sel=101, A=7, B=5, Y=05 (Bit-Wise AND A and B)
Sel=110, A=7, B=5, Y=07 (Bit-Wise OR A and B)
Sel=111, A=7, B=5, Y=02 (Bit-Wise XOR A and B)
Sel=000, A=7, B=6, Y=0d (Add A and B)
Sel=001, A=7, B=6, Y=0e (Multiply A by 2 (A + A))
Sel=010, A=7, B=6, Y=08 (Increment A by 1)
Sel=011, A=7, B=6, Y=09 (Increment A by 2)
Sel=100, A=7, B=6, Y=18 (Bit-Wise invert A)
Sel=101, A=7, B=6, Y=06 (Bit-Wise AND A and B)
Sel=110, A=7, B=6, Y=07 (Bit-Wise OR A and B)
Sel=111, A=7, B=6, Y=01 (Bit-Wise XOR A and B)
Sel=000, A=7, B=7, Y=0e (Add A and B)
Sel=001, A=7, B=7, Y=0e (Multiply A by 2 (A + A))
Sel=010, A=7, B=7, Y=08 (Increment A by 1)
Sel=011, A=7, B=7, Y=09 (Increment A by 2)
Sel=100, A=7, B=7, Y=18 (Bit-Wise invert A)
Sel=101, A=7, B=7, Y=07 (Bit-Wise AND A and B)
Sel=110, A=7, B=7, Y=07 (Bit-Wise OR A and B)
Sel=111, A=7, B=7, Y=00 (Bit-Wise XOR A and B)
Sel=000, A=7, B=8, Y=0f (Add A and B)
Sel=001, A=7, B=8, Y=0e (Multiply A by 2 (A + A))
Sel=010, A=7, B=8, Y=08 (Increment A by 1)
Sel=011, A=7, B=8, Y=09 (Increment A by 2)
Sel=100, A=7, B=8, Y=18 (Bit-Wise invert A)
Sel=101, A=7, B=8, Y=00 (Bit-Wise AND A and B)
Sel=110, A=7, B=8, Y=0f (Bit-Wise OR A and B)
Sel=111, A=7, B=8, Y=0f (Bit-Wise XOR A and B)
Sel=000, A=7, B=9, Y=10 (Add A and B)
Sel=001, A=7, B=9, Y=0e (Multiply A by 2 (A + A))
Sel=010, A=7, B=9, Y=08 (Increment A by 1)
Sel=011, A=7, B=9, Y=09 (Increment A by 2)
Sel=100, A=7, B=9, Y=18 (Bit-Wise invert A)
Sel=101, A=7, B=9, Y=01 (Bit-Wise AND A and B)
Sel=110, A=7, B=9, Y=0f (Bit-Wise OR A and B)
Sel=111, A=7, B=9, Y=0e (Bit-Wise XOR A and B)
Sel=000, A=7, B=a, Y=11 (Add A and B)
Sel=001, A=7, B=a, Y=0e (Multiply A by 2 (A + A))
Sel=010, A=7, B=a, Y=08 (Increment A by 1)
Sel=011, A=7, B=a, Y=09 (Increment A by 2)
Sel=100, A=7, B=a, Y=18 (Bit-Wise invert A)
Sel=101, A=7, B=a, Y=02 (Bit-Wise AND A and B)
Sel=110, A=7, B=a, Y=0f (Bit-Wise OR A and B)
Sel=111, A=7, B=a, Y=0d (Bit-Wise XOR A and B)
Sel=000, A=7, B=b, Y=12 (Add A and B)
Sel=001, A=7, B=b, Y=0e (Multiply A by 2 (A + A))
Sel=010, A=7, B=b, Y=08 (Increment A by 1)
Sel=011, A=7, B=b, Y=09 (Increment A by 2)
Sel=100, A=7, B=b, Y=18 (Bit-Wise invert A)
Sel=101, A=7, B=b, Y=03 (Bit-Wise AND A and B)
Sel=110, A=7, B=b, Y=0f (Bit-Wise OR A and B)
Sel=111, A=7, B=b, Y=0c (Bit-Wise XOR A and B)
Sel=000, A=7, B=c, Y=13 (Add A and B)
Sel=001, A=7, B=c, Y=0e (Multiply A by 2 (A + A))
Sel=010, A=7, B=c, Y=08 (Increment A by 1)
Sel=011, A=7, B=c, Y=09 (Increment A by 2)
Sel=100, A=7, B=c, Y=18 (Bit-Wise invert A)
Sel=101, A=7, B=c, Y=04 (Bit-Wise AND A and B)
Sel=110, A=7, B=c, Y=0f (Bit-Wise OR A and B)
Sel=111, A=7, B=c, Y=0b (Bit-Wise XOR A and B)
Sel=000, A=7, B=d, Y=14 (Add A and B)
Sel=001, A=7, B=d, Y=0e (Multiply A by 2 (A + A))
Sel=010, A=7, B=d, Y=08 (Increment A by 1)
Sel=011, A=7, B=d, Y=09 (Increment A by 2)
Sel=100, A=7, B=d, Y=18 (Bit-Wise invert A)
Sel=101, A=7, B=d, Y=05 (Bit-Wise AND A and B)
Sel=110, A=7, B=d, Y=0f (Bit-Wise OR A and B)
Sel=111, A=7, B=d, Y=0a (Bit-Wise XOR A and B)
Sel=000, A=7, B=e, Y=15 (Add A and B)
Sel=001, A=7, B=e, Y=0e (Multiply A by 2 (A + A))
Sel=010, A=7, B=e, Y=08 (Increment A by 1)
Sel=011, A=7, B=e, Y=09 (Increment A by 2)
Sel=100, A=7, B=e, Y=18 (Bit-Wise invert A)
Sel=101, A=7, B=e, Y=06 (Bit-Wise AND A and B)
Sel=110, A=7, B=e, Y=0f (Bit-Wise OR A and B)
Sel=111, A=7, B=e, Y=09 (Bit-Wise XOR A and B)
Sel=000, A=7, B=f, Y=16 (Add A and B)
Sel=001, A=7, B=f, Y=0e (Multiply A by 2 (A + A))
Sel=010, A=7, B=f, Y=08 (Increment A by 1)
Sel=011, A=7, B=f, Y=09 (Increment A by 2)
Sel=100, A=7, B=f, Y=18 (Bit-Wise invert A)
Sel=101, A=7, B=f, Y=07 (Bit-Wise AND A and B)
Sel=110, A=7, B=f, Y=0f (Bit-Wise OR A and B)
Sel=111, A=7, B=f, Y=08 (Bit-Wise XOR A and B)
Sel=000, A=8, B=0, Y=08 (Add A and B)
Sel=001, A=8, B=0, Y=10 (Multiply A by 2 (A + A))
Sel=010, A=8, B=0, Y=09 (Increment A by 1)
Sel=011, A=8, B=0, Y=0a (Increment A by 2)
Sel=100, A=8, B=0, Y=17 (Bit-Wise invert A)
Sel=101, A=8, B=0, Y=00 (Bit-Wise AND A and B)
Sel=110, A=8, B=0, Y=08 (Bit-Wise OR A and B)
Sel=111, A=8, B=0, Y=08 (Bit-Wise XOR A and B)
Sel=000, A=8, B=1, Y=09 (Add A and B)
Sel=001, A=8, B=1, Y=10 (Multiply A by 2 (A + A))
Sel=010, A=8, B=1, Y=09 (Increment A by 1)
Sel=011, A=8, B=1, Y=0a (Increment A by 2)
Sel=100, A=8, B=1, Y=17 (Bit-Wise invert A)
Sel=101, A=8, B=1, Y=00 (Bit-Wise AND A and B)
Sel=110, A=8, B=1, Y=09 (Bit-Wise OR A and B)
Sel=111, A=8, B=1, Y=09 (Bit-Wise XOR A and B)
Sel=000, A=8, B=2, Y=0a (Add A and B)
Sel=001, A=8, B=2, Y=10 (Multiply A by 2 (A + A))
Sel=010, A=8, B=2, Y=09 (Increment A by 1)
Sel=011, A=8, B=2, Y=0a (Increment A by 2)
Sel=100, A=8, B=2, Y=17 (Bit-Wise invert A)
Sel=101, A=8, B=2, Y=00 (Bit-Wise AND A and B)
Sel=110, A=8, B=2, Y=0a (Bit-Wise OR A and B)
Sel=111, A=8, B=2, Y=0a (Bit-Wise XOR A and B)
Sel=000, A=8, B=3, Y=0b (Add A and B)
Sel=001, A=8, B=3, Y=10 (Multiply A by 2 (A + A))
Sel=010, A=8, B=3, Y=09 (Increment A by 1)
Sel=011, A=8, B=3, Y=0a (Increment A by 2)
Sel=100, A=8, B=3, Y=17 (Bit-Wise invert A)
Sel=101, A=8, B=3, Y=00 (Bit-Wise AND A and B)
Sel=110, A=8, B=3, Y=0b (Bit-Wise OR A and B)
Sel=111, A=8, B=3, Y=0b (Bit-Wise XOR A and B)
Sel=000, A=8, B=4, Y=0c (Add A and B)
Sel=001, A=8, B=4, Y=10 (Multiply A by 2 (A + A))
Sel=010, A=8, B=4, Y=09 (Increment A by 1)
Sel=011, A=8, B=4, Y=0a (Increment A by 2)
Sel=100, A=8, B=4, Y=17 (Bit-Wise invert A)
Sel=101, A=8, B=4, Y=00 (Bit-Wise AND A and B)
Sel=110, A=8, B=4, Y=0c (Bit-Wise OR A and B)
Sel=111, A=8, B=4, Y=0c (Bit-Wise XOR A and B)
Sel=000, A=8, B=5, Y=0d (Add A and B)
Sel=001, A=8, B=5, Y=10 (Multiply A by 2 (A + A))
Sel=010, A=8, B=5, Y=09 (Increment A by 1)
Sel=011, A=8, B=5, Y=0a (Increment A by 2)
Sel=100, A=8, B=5, Y=17 (Bit-Wise invert A)
Sel=101, A=8, B=5, Y=00 (Bit-Wise AND A and B)
Sel=110, A=8, B=5, Y=0d (Bit-Wise OR A and B)
Sel=111, A=8, B=5, Y=0d (Bit-Wise XOR A and B)
Sel=000, A=8, B=6, Y=0e (Add A and B)
Sel=001, A=8, B=6, Y=10 (Multiply A by 2 (A + A))
Sel=010, A=8, B=6, Y=09 (Increment A by 1)
Sel=011, A=8, B=6, Y=0a (Increment A by 2)
Sel=100, A=8, B=6, Y=17 (Bit-Wise invert A)
Sel=101, A=8, B=6, Y=00 (Bit-Wise AND A and B)
Sel=110, A=8, B=6, Y=0e (Bit-Wise OR A and B)
Sel=111, A=8, B=6, Y=0e (Bit-Wise XOR A and B)
Sel=000, A=8, B=7, Y=0f (Add A and B)
Sel=001, A=8, B=7, Y=10 (Multiply A by 2 (A + A))
Sel=010, A=8, B=7, Y=09 (Increment A by 1)
Sel=011, A=8, B=7, Y=0a (Increment A by 2)
Sel=100, A=8, B=7, Y=17 (Bit-Wise invert A)
Sel=101, A=8, B=7, Y=00 (Bit-Wise AND A and B)
Sel=110, A=8, B=7, Y=0f (Bit-Wise OR A and B)
Sel=111, A=8, B=7, Y=0f (Bit-Wise XOR A and B)
Sel=000, A=8, B=8, Y=10 (Add A and B)
Sel=001, A=8, B=8, Y=10 (Multiply A by 2 (A + A))
Sel=010, A=8, B=8, Y=09 (Increment A by 1)
Sel=011, A=8, B=8, Y=0a (Increment A by 2)
Sel=100, A=8, B=8, Y=17 (Bit-Wise invert A)
Sel=101, A=8, B=8, Y=08 (Bit-Wise AND A and B)
Sel=110, A=8, B=8, Y=08 (Bit-Wise OR A and B)
Sel=111, A=8, B=8, Y=00 (Bit-Wise XOR A and B)
Sel=000, A=8, B=9, Y=11 (Add A and B)
Sel=001, A=8, B=9, Y=10 (Multiply A by 2 (A + A))
Sel=010, A=8, B=9, Y=09 (Increment A by 1)
Sel=011, A=8, B=9, Y=0a (Increment A by 2)
Sel=100, A=8, B=9, Y=17 (Bit-Wise invert A)
Sel=101, A=8, B=9, Y=08 (Bit-Wise AND A and B)
Sel=110, A=8, B=9, Y=09 (Bit-Wise OR A and B)
Sel=111, A=8, B=9, Y=01 (Bit-Wise XOR A and B)
Sel=000, A=8, B=a, Y=12 (Add A and B)
Sel=001, A=8, B=a, Y=10 (Multiply A by 2 (A + A))
Sel=010, A=8, B=a, Y=09 (Increment A by 1)
Sel=011, A=8, B=a, Y=0a (Increment A by 2)
Sel=100, A=8, B=a, Y=17 (Bit-Wise invert A)
Sel=101, A=8, B=a, Y=08 (Bit-Wise AND A and B)
Sel=110, A=8, B=a, Y=0a (Bit-Wise OR A and B)
Sel=111, A=8, B=a, Y=02 (Bit-Wise XOR A and B)
Sel=000, A=8, B=b, Y=13 (Add A and B)
Sel=001, A=8, B=b, Y=10 (Multiply A by 2 (A + A))
Sel=010, A=8, B=b, Y=09 (Increment A by 1)
Sel=011, A=8, B=b, Y=0a (Increment A by 2)
Sel=100, A=8, B=b, Y=17 (Bit-Wise invert A)
Sel=101, A=8, B=b, Y=08 (Bit-Wise AND A and B)
Sel=110, A=8, B=b, Y=0b (Bit-Wise OR A and B)
Sel=111, A=8, B=b, Y=03 (Bit-Wise XOR A and B)
Sel=000, A=8, B=c, Y=14 (Add A and B)
Sel=001, A=8, B=c, Y=10 (Multiply A by 2 (A + A))
Sel=010, A=8, B=c, Y=09 (Increment A by 1)
Sel=011, A=8, B=c, Y=0a (Increment A by 2)
Sel=100, A=8, B=c, Y=17 (Bit-Wise invert A)
Sel=101, A=8, B=c, Y=08 (Bit-Wise AND A and B)
Sel=110, A=8, B=c, Y=0c (Bit-Wise OR A and B)
Sel=111, A=8, B=c, Y=04 (Bit-Wise XOR A and B)
Sel=000, A=8, B=d, Y=15 (Add A and B)
Sel=001, A=8, B=d, Y=10 (Multiply A by 2 (A + A))
Sel=010, A=8, B=d, Y=09 (Increment A by 1)
Sel=011, A=8, B=d, Y=0a (Increment A by 2)
Sel=100, A=8, B=d, Y=17 (Bit-Wise invert A)
Sel=101, A=8, B=d, Y=08 (Bit-Wise AND A and B)
Sel=110, A=8, B=d, Y=0d (Bit-Wise OR A and B)
Sel=111, A=8, B=d, Y=05 (Bit-Wise XOR A and B)
Sel=000, A=8, B=e, Y=16 (Add A and B)
Sel=001, A=8, B=e, Y=10 (Multiply A by 2 (A + A))
Sel=010, A=8, B=e, Y=09 (Increment A by 1)
Sel=011, A=8, B=e, Y=0a (Increment A by 2)
Sel=100, A=8, B=e, Y=17 (Bit-Wise invert A)
Sel=101, A=8, B=e, Y=08 (Bit-Wise AND A and B)
Sel=110, A=8, B=e, Y=0e (Bit-Wise OR A and B)
Sel=111, A=8, B=e, Y=06 (Bit-Wise XOR A and B)
Sel=000, A=8, B=f, Y=17 (Add A and B)
Sel=001, A=8, B=f, Y=10 (Multiply A by 2 (A + A))
Sel=010, A=8, B=f, Y=09 (Increment A by 1)
Sel=011, A=8, B=f, Y=0a (Increment A by 2)
Sel=100, A=8, B=f, Y=17 (Bit-Wise invert A)
Sel=101, A=8, B=f, Y=08 (Bit-Wise AND A and B)
Sel=110, A=8, B=f, Y=0f (Bit-Wise OR A and B)
Sel=111, A=8, B=f, Y=07 (Bit-Wise XOR A and B)
Sel=000, A=9, B=0, Y=09 (Add A and B)
Sel=001, A=9, B=0, Y=12 (Multiply A by 2 (A + A))
Sel=010, A=9, B=0, Y=0a (Increment A by 1)
Sel=011, A=9, B=0, Y=0b (Increment A by 2)
Sel=100, A=9, B=0, Y=16 (Bit-Wise invert A)
Sel=101, A=9, B=0, Y=00 (Bit-Wise AND A and B)
Sel=110, A=9, B=0, Y=09 (Bit-Wise OR A and B)
Sel=111, A=9, B=0, Y=09 (Bit-Wise XOR A and B)
Sel=000, A=9, B=1, Y=0a (Add A and B)
Sel=001, A=9, B=1, Y=12 (Multiply A by 2 (A + A))
Sel=010, A=9, B=1, Y=0a (Increment A by 1)
Sel=011, A=9, B=1, Y=0b (Increment A by 2)
Sel=100, A=9, B=1, Y=16 (Bit-Wise invert A)
Sel=101, A=9, B=1, Y=01 (Bit-Wise AND A and B)
Sel=110, A=9, B=1, Y=09 (Bit-Wise OR A and B)
Sel=111, A=9, B=1, Y=08 (Bit-Wise XOR A and B)
Sel=000, A=9, B=2, Y=0b (Add A and B)
Sel=001, A=9, B=2, Y=12 (Multiply A by 2 (A + A))
Sel=010, A=9, B=2, Y=0a (Increment A by 1)
Sel=011, A=9, B=2, Y=0b (Increment A by 2)
Sel=100, A=9, B=2, Y=16 (Bit-Wise invert A)
Sel=101, A=9, B=2, Y=00 (Bit-Wise AND A and B)
Sel=110, A=9, B=2, Y=0b (Bit-Wise OR A and B)
Sel=111, A=9, B=2, Y=0b (Bit-Wise XOR A and B)
Sel=000, A=9, B=3, Y=0c (Add A and B)
Sel=001, A=9, B=3, Y=12 (Multiply A by 2 (A + A))
Sel=010, A=9, B=3, Y=0a (Increment A by 1)
Sel=011, A=9, B=3, Y=0b (Increment A by 2)
Sel=100, A=9, B=3, Y=16 (Bit-Wise invert A)
Sel=101, A=9, B=3, Y=01 (Bit-Wise AND A and B)
Sel=110, A=9, B=3, Y=0b (Bit-Wise OR A and B)
Sel=111, A=9, B=3, Y=0a (Bit-Wise XOR A and B)
Sel=000, A=9, B=4, Y=0d (Add A and B)
Sel=001, A=9, B=4, Y=12 (Multiply A by 2 (A + A))
Sel=010, A=9, B=4, Y=0a (Increment A by 1)
Sel=011, A=9, B=4, Y=0b (Increment A by 2)
Sel=100, A=9, B=4, Y=16 (Bit-Wise invert A)
Sel=101, A=9, B=4, Y=00 (Bit-Wise AND A and B)
Sel=110, A=9, B=4, Y=0d (Bit-Wise OR A and B)
Sel=111, A=9, B=4, Y=0d (Bit-Wise XOR A and B)
Sel=000, A=9, B=5, Y=0e (Add A and B)
Sel=001, A=9, B=5, Y=12 (Multiply A by 2 (A + A))
Sel=010, A=9, B=5, Y=0a (Increment A by 1)
Sel=011, A=9, B=5, Y=0b (Increment A by 2)
Sel=100, A=9, B=5, Y=16 (Bit-Wise invert A)
Sel=101, A=9, B=5, Y=01 (Bit-Wise AND A and B)
Sel=110, A=9, B=5, Y=0d (Bit-Wise OR A and B)
Sel=111, A=9, B=5, Y=0c (Bit-Wise XOR A and B)
Sel=000, A=9, B=6, Y=0f (Add A and B)
Sel=001, A=9, B=6, Y=12 (Multiply A by 2 (A + A))
Sel=010, A=9, B=6, Y=0a (Increment A by 1)
Sel=011, A=9, B=6, Y=0b (Increment A by 2)
Sel=100, A=9, B=6, Y=16 (Bit-Wise invert A)
Sel=101, A=9, B=6, Y=00 (Bit-Wise AND A and B)
Sel=110, A=9, B=6, Y=0f (Bit-Wise OR A and B)
Sel=111, A=9, B=6, Y=0f (Bit-Wise XOR A and B)
Sel=000, A=9, B=7, Y=10 (Add A and B)
Sel=001, A=9, B=7, Y=12 (Multiply A by 2 (A + A))
Sel=010, A=9, B=7, Y=0a (Increment A by 1)
Sel=011, A=9, B=7, Y=0b (Increment A by 2)
Sel=100, A=9, B=7, Y=16 (Bit-Wise invert A)
Sel=101, A=9, B=7, Y=01 (Bit-Wise AND A and B)
Sel=110, A=9, B=7, Y=0f (Bit-Wise OR A and B)
Sel=111, A=9, B=7, Y=0e (Bit-Wise XOR A and B)
Sel=000, A=9, B=8, Y=11 (Add A and B)
Sel=001, A=9, B=8, Y=12 (Multiply A by 2 (A + A))
Sel=010, A=9, B=8, Y=0a (Increment A by 1)
Sel=011, A=9, B=8, Y=0b (Increment A by 2)
Sel=100, A=9, B=8, Y=16 (Bit-Wise invert A)
Sel=101, A=9, B=8, Y=08 (Bit-Wise AND A and B)
Sel=110, A=9, B=8, Y=09 (Bit-Wise OR A and B)
Sel=111, A=9, B=8, Y=01 (Bit-Wise XOR A and B)
Sel=000, A=9, B=9, Y=12 (Add A and B)
Sel=001, A=9, B=9, Y=12 (Multiply A by 2 (A + A))
Sel=010, A=9, B=9, Y=0a (Increment A by 1)
Sel=011, A=9, B=9, Y=0b (Increment A by 2)
Sel=100, A=9, B=9, Y=16 (Bit-Wise invert A)
Sel=101, A=9, B=9, Y=09 (Bit-Wise AND A and B)
Sel=110, A=9, B=9, Y=09 (Bit-Wise OR A and B)
Sel=111, A=9, B=9, Y=00 (Bit-Wise XOR A and B)
Sel=000, A=9, B=a, Y=13 (Add A and B)
Sel=001, A=9, B=a, Y=12 (Multiply A by 2 (A + A))
Sel=010, A=9, B=a, Y=0a (Increment A by 1)
Sel=011, A=9, B=a, Y=0b (Increment A by 2)
Sel=100, A=9, B=a, Y=16 (Bit-Wise invert A)
Sel=101, A=9, B=a, Y=08 (Bit-Wise AND A and B)
Sel=110, A=9, B=a, Y=0b (Bit-Wise OR A and B)
Sel=111, A=9, B=a, Y=03 (Bit-Wise XOR A and B)
Sel=000, A=9, B=b, Y=14 (Add A and B)
Sel=001, A=9, B=b, Y=12 (Multiply A by 2 (A + A))
Sel=010, A=9, B=b, Y=0a (Increment A by 1)
Sel=011, A=9, B=b, Y=0b (Increment A by 2)
Sel=100, A=9, B=b, Y=16 (Bit-Wise invert A)
Sel=101, A=9, B=b, Y=09 (Bit-Wise AND A and B)
Sel=110, A=9, B=b, Y=0b (Bit-Wise OR A and B)
Sel=111, A=9, B=b, Y=02 (Bit-Wise XOR A and B)
Sel=000, A=9, B=c, Y=15 (Add A and B)
Sel=001, A=9, B=c, Y=12 (Multiply A by 2 (A + A))
Sel=010, A=9, B=c, Y=0a (Increment A by 1)
Sel=011, A=9, B=c, Y=0b (Increment A by 2)
Sel=100, A=9, B=c, Y=16 (Bit-Wise invert A)
Sel=101, A=9, B=c, Y=08 (Bit-Wise AND A and B)
Sel=110, A=9, B=c, Y=0d (Bit-Wise OR A and B)
Sel=111, A=9, B=c, Y=05 (Bit-Wise XOR A and B)
Sel=000, A=9, B=d, Y=16 (Add A and B)
Sel=001, A=9, B=d, Y=12 (Multiply A by 2 (A + A))
Sel=010, A=9, B=d, Y=0a (Increment A by 1)
Sel=011, A=9, B=d, Y=0b (Increment A by 2)
Sel=100, A=9, B=d, Y=16 (Bit-Wise invert A)
Sel=101, A=9, B=d, Y=09 (Bit-Wise AND A and B)
Sel=110, A=9, B=d, Y=0d (Bit-Wise OR A and B)
Sel=111, A=9, B=d, Y=04 (Bit-Wise XOR A and B)
Sel=000, A=9, B=e, Y=17 (Add A and B)
Sel=001, A=9, B=e, Y=12 (Multiply A by 2 (A + A))
Sel=010, A=9, B=e, Y=0a (Increment A by 1)
Sel=011, A=9, B=e, Y=0b (Increment A by 2)
Sel=100, A=9, B=e, Y=16 (Bit-Wise invert A)
Sel=101, A=9, B=e, Y=08 (Bit-Wise AND A and B)
Sel=110, A=9, B=e, Y=0f (Bit-Wise OR A and B)
Sel=111, A=9, B=e, Y=07 (Bit-Wise XOR A and B)
Sel=000, A=9, B=f, Y=18 (Add A and B)
Sel=001, A=9, B=f, Y=12 (Multiply A by 2 (A + A))
Sel=010, A=9, B=f, Y=0a (Increment A by 1)
Sel=011, A=9, B=f, Y=0b (Increment A by 2)
Sel=100, A=9, B=f, Y=16 (Bit-Wise invert A)
Sel=101, A=9, B=f, Y=09 (Bit-Wise AND A and B)
Sel=110, A=9, B=f, Y=0f (Bit-Wise OR A and B)
Sel=111, A=9, B=f, Y=06 (Bit-Wise XOR A and B)
Sel=000, A=a, B=0, Y=0a (Add A and B)
Sel=001, A=a, B=0, Y=14 (Multiply A by 2 (A + A))
Sel=010, A=a, B=0, Y=0b (Increment A by 1)
Sel=011, A=a, B=0, Y=0c (Increment A by 2)
Sel=100, A=a, B=0, Y=15 (Bit-Wise invert A)
Sel=101, A=a, B=0, Y=00 (Bit-Wise AND A and B)
Sel=110, A=a, B=0, Y=0a (Bit-Wise OR A and B)
Sel=111, A=a, B=0, Y=0a (Bit-Wise XOR A and B)
Sel=000, A=a, B=1, Y=0b (Add A and B)
Sel=001, A=a, B=1, Y=14 (Multiply A by 2 (A + A))
Sel=010, A=a, B=1, Y=0b (Increment A by 1)
Sel=011, A=a, B=1, Y=0c (Increment A by 2)
Sel=100, A=a, B=1, Y=15 (Bit-Wise invert A)
Sel=101, A=a, B=1, Y=00 (Bit-Wise AND A and B)
Sel=110, A=a, B=1, Y=0b (Bit-Wise OR A and B)
Sel=111, A=a, B=1, Y=0b (Bit-Wise XOR A and B)
Sel=000, A=a, B=2, Y=0c (Add A and B)
Sel=001, A=a, B=2, Y=14 (Multiply A by 2 (A + A))
Sel=010, A=a, B=2, Y=0b (Increment A by 1)
Sel=011, A=a, B=2, Y=0c (Increment A by 2)
Sel=100, A=a, B=2, Y=15 (Bit-Wise invert A)
Sel=101, A=a, B=2, Y=02 (Bit-Wise AND A and B)
Sel=110, A=a, B=2, Y=0a (Bit-Wise OR A and B)
Sel=111, A=a, B=2, Y=08 (Bit-Wise XOR A and B)
Sel=000, A=a, B=3, Y=0d (Add A and B)
Sel=001, A=a, B=3, Y=14 (Multiply A by 2 (A + A))
Sel=010, A=a, B=3, Y=0b (Increment A by 1)
Sel=011, A=a, B=3, Y=0c (Increment A by 2)
Sel=100, A=a, B=3, Y=15 (Bit-Wise invert A)
Sel=101, A=a, B=3, Y=02 (Bit-Wise AND A and B)
Sel=110, A=a, B=3, Y=0b (Bit-Wise OR A and B)
Sel=111, A=a, B=3, Y=09 (Bit-Wise XOR A and B)
Sel=000, A=a, B=4, Y=0e (Add A and B)
Sel=001, A=a, B=4, Y=14 (Multiply A by 2 (A + A))
Sel=010, A=a, B=4, Y=0b (Increment A by 1)
Sel=011, A=a, B=4, Y=0c (Increment A by 2)
Sel=100, A=a, B=4, Y=15 (Bit-Wise invert A)
Sel=101, A=a, B=4, Y=00 (Bit-Wise AND A and B)
Sel=110, A=a, B=4, Y=0e (Bit-Wise OR A and B)
Sel=111, A=a, B=4, Y=0e (Bit-Wise XOR A and B)
Sel=000, A=a, B=5, Y=0f (Add A and B)
Sel=001, A=a, B=5, Y=14 (Multiply A by 2 (A + A))
Sel=010, A=a, B=5, Y=0b (Increment A by 1)
Sel=011, A=a, B=5, Y=0c (Increment A by 2)
Sel=100, A=a, B=5, Y=15 (Bit-Wise invert A)
Sel=101, A=a, B=5, Y=00 (Bit-Wise AND A and B)
Sel=110, A=a, B=5, Y=0f (Bit-Wise OR A and B)
Sel=111, A=a, B=5, Y=0f (Bit-Wise XOR A and B)
Sel=000, A=a, B=6, Y=10 (Add A and B)
Sel=001, A=a, B=6, Y=14 (Multiply A by 2 (A + A))
Sel=010, A=a, B=6, Y=0b (Increment A by 1)
Sel=011, A=a, B=6, Y=0c (Increment A by 2)
Sel=100, A=a, B=6, Y=15 (Bit-Wise invert A)
Sel=101, A=a, B=6, Y=02 (Bit-Wise AND A and B)
Sel=110, A=a, B=6, Y=0e (Bit-Wise OR A and B)
Sel=111, A=a, B=6, Y=0c (Bit-Wise XOR A and B)
Sel=000, A=a, B=7, Y=11 (Add A and B)
Sel=001, A=a, B=7, Y=14 (Multiply A by 2 (A + A))
Sel=010, A=a, B=7, Y=0b (Increment A by 1)
Sel=011, A=a, B=7, Y=0c (Increment A by 2)
Sel=100, A=a, B=7, Y=15 (Bit-Wise invert A)
Sel=101, A=a, B=7, Y=02 (Bit-Wise AND A and B)
Sel=110, A=a, B=7, Y=0f (Bit-Wise OR A and B)
Sel=111, A=a, B=7, Y=0d (Bit-Wise XOR A and B)
Sel=000, A=a, B=8, Y=12 (Add A and B)
Sel=001, A=a, B=8, Y=14 (Multiply A by 2 (A + A))
Sel=010, A=a, B=8, Y=0b (Increment A by 1)
Sel=011, A=a, B=8, Y=0c (Increment A by 2)
Sel=100, A=a, B=8, Y=15 (Bit-Wise invert A)
Sel=101, A=a, B=8, Y=08 (Bit-Wise AND A and B)
Sel=110, A=a, B=8, Y=0a (Bit-Wise OR A and B)
Sel=111, A=a, B=8, Y=02 (Bit-Wise XOR A and B)
Sel=000, A=a, B=9, Y=13 (Add A and B)
Sel=001, A=a, B=9, Y=14 (Multiply A by 2 (A + A))
Sel=010, A=a, B=9, Y=0b (Increment A by 1)
Sel=011, A=a, B=9, Y=0c (Increment A by 2)
Sel=100, A=a, B=9, Y=15 (Bit-Wise invert A)
Sel=101, A=a, B=9, Y=08 (Bit-Wise AND A and B)
Sel=110, A=a, B=9, Y=0b (Bit-Wise OR A and B)
Sel=111, A=a, B=9, Y=03 (Bit-Wise XOR A and B)
Sel=000, A=a, B=a, Y=14 (Add A and B)
Sel=001, A=a, B=a, Y=14 (Multiply A by 2 (A + A))
Sel=010, A=a, B=a, Y=0b (Increment A by 1)
Sel=011, A=a, B=a, Y=0c (Increment A by 2)
Sel=100, A=a, B=a, Y=15 (Bit-Wise invert A)
Sel=101, A=a, B=a, Y=0a (Bit-Wise AND A and B)
Sel=110, A=a, B=a, Y=0a (Bit-Wise OR A and B)
Sel=111, A=a, B=a, Y=00 (Bit-Wise XOR A and B)
Sel=000, A=a, B=b, Y=15 (Add A and B)
Sel=001, A=a, B=b, Y=14 (Multiply A by 2 (A + A))
Sel=010, A=a, B=b, Y=0b (Increment A by 1)
Sel=011, A=a, B=b, Y=0c (Increment A by 2)
Sel=100, A=a, B=b, Y=15 (Bit-Wise invert A)
Sel=101, A=a, B=b, Y=0a (Bit-Wise AND A and B)
Sel=110, A=a, B=b, Y=0b (Bit-Wise OR A and B)
Sel=111, A=a, B=b, Y=01 (Bit-Wise XOR A and B)
Sel=000, A=a, B=c, Y=16 (Add A and B)
Sel=001, A=a, B=c, Y=14 (Multiply A by 2 (A + A))
Sel=010, A=a, B=c, Y=0b (Increment A by 1)
Sel=011, A=a, B=c, Y=0c (Increment A by 2)
Sel=100, A=a, B=c, Y=15 (Bit-Wise invert A)
Sel=101, A=a, B=c, Y=08 (Bit-Wise AND A and B)
Sel=110, A=a, B=c, Y=0e (Bit-Wise OR A and B)
Sel=111, A=a, B=c, Y=06 (Bit-Wise XOR A and B)
Sel=000, A=a, B=d, Y=17 (Add A and B)
Sel=001, A=a, B=d, Y=14 (Multiply A by 2 (A + A))
Sel=010, A=a, B=d, Y=0b (Increment A by 1)
Sel=011, A=a, B=d, Y=0c (Increment A by 2)
Sel=100, A=a, B=d, Y=15 (Bit-Wise invert A)
Sel=101, A=a, B=d, Y=08 (Bit-Wise AND A and B)
Sel=110, A=a, B=d, Y=0f (Bit-Wise OR A and B)
Sel=111, A=a, B=d, Y=07 (Bit-Wise XOR A and B)
Sel=000, A=a, B=e, Y=18 (Add A and B)
Sel=001, A=a, B=e, Y=14 (Multiply A by 2 (A + A))
Sel=010, A=a, B=e, Y=0b (Increment A by 1)
Sel=011, A=a, B=e, Y=0c (Increment A by 2)
Sel=100, A=a, B=e, Y=15 (Bit-Wise invert A)
Sel=101, A=a, B=e, Y=0a (Bit-Wise AND A and B)
Sel=110, A=a, B=e, Y=0e (Bit-Wise OR A and B)
Sel=111, A=a, B=e, Y=04 (Bit-Wise XOR A and B)
Sel=000, A=a, B=f, Y=19 (Add A and B)
Sel=001, A=a, B=f, Y=14 (Multiply A by 2 (A + A))
Sel=010, A=a, B=f, Y=0b (Increment A by 1)
Sel=011, A=a, B=f, Y=0c (Increment A by 2)
Sel=100, A=a, B=f, Y=15 (Bit-Wise invert A)
Sel=101, A=a, B=f, Y=0a (Bit-Wise AND A and B)
Sel=110, A=a, B=f, Y=0f (Bit-Wise OR A and B)
Sel=111, A=a, B=f, Y=05 (Bit-Wise XOR A and B)
Sel=000, A=b, B=0, Y=0b (Add A and B)
Sel=001, A=b, B=0, Y=16 (Multiply A by 2 (A + A))
Sel=010, A=b, B=0, Y=0c (Increment A by 1)
Sel=011, A=b, B=0, Y=0d (Increment A by 2)
Sel=100, A=b, B=0, Y=14 (Bit-Wise invert A)
Sel=101, A=b, B=0, Y=00 (Bit-Wise AND A and B)
Sel=110, A=b, B=0, Y=0b (Bit-Wise OR A and B)
Sel=111, A=b, B=0, Y=0b (Bit-Wise XOR A and B)
Sel=000, A=b, B=1, Y=0c (Add A and B)
Sel=001, A=b, B=1, Y=16 (Multiply A by 2 (A + A))
Sel=010, A=b, B=1, Y=0c (Increment A by 1)
Sel=011, A=b, B=1, Y=0d (Increment A by 2)
Sel=100, A=b, B=1, Y=14 (Bit-Wise invert A)
Sel=101, A=b, B=1, Y=01 (Bit-Wise AND A and B)
Sel=110, A=b, B=1, Y=0b (Bit-Wise OR A and B)
Sel=111, A=b, B=1, Y=0a (Bit-Wise XOR A and B)
Sel=000, A=b, B=2, Y=0d (Add A and B)
Sel=001, A=b, B=2, Y=16 (Multiply A by 2 (A + A))
Sel=010, A=b, B=2, Y=0c (Increment A by 1)
Sel=011, A=b, B=2, Y=0d (Increment A by 2)
Sel=100, A=b, B=2, Y=14 (Bit-Wise invert A)
Sel=101, A=b, B=2, Y=02 (Bit-Wise AND A and B)
Sel=110, A=b, B=2, Y=0b (Bit-Wise OR A and B)
Sel=111, A=b, B=2, Y=09 (Bit-Wise XOR A and B)
Sel=000, A=b, B=3, Y=0e (Add A and B)
Sel=001, A=b, B=3, Y=16 (Multiply A by 2 (A + A))
Sel=010, A=b, B=3, Y=0c (Increment A by 1)
Sel=011, A=b, B=3, Y=0d (Increment A by 2)
Sel=100, A=b, B=3, Y=14 (Bit-Wise invert A)
Sel=101, A=b, B=3, Y=03 (Bit-Wise AND A and B)
Sel=110, A=b, B=3, Y=0b (Bit-Wise OR A and B)
Sel=111, A=b, B=3, Y=08 (Bit-Wise XOR A and B)
Sel=000, A=b, B=4, Y=0f (Add A and B)
Sel=001, A=b, B=4, Y=16 (Multiply A by 2 (A + A))
Sel=010, A=b, B=4, Y=0c (Increment A by 1)
Sel=011, A=b, B=4, Y=0d (Increment A by 2)
Sel=100, A=b, B=4, Y=14 (Bit-Wise invert A)
Sel=101, A=b, B=4, Y=00 (Bit-Wise AND A and B)
Sel=110, A=b, B=4, Y=0f (Bit-Wise OR A and B)
Sel=111, A=b, B=4, Y=0f (Bit-Wise XOR A and B)
Sel=000, A=b, B=5, Y=10 (Add A and B)
Sel=001, A=b, B=5, Y=16 (Multiply A by 2 (A + A))
Sel=010, A=b, B=5, Y=0c (Increment A by 1)
Sel=011, A=b, B=5, Y=0d (Increment A by 2)
Sel=100, A=b, B=5, Y=14 (Bit-Wise invert A)
Sel=101, A=b, B=5, Y=01 (Bit-Wise AND A and B)
Sel=110, A=b, B=5, Y=0f (Bit-Wise OR A and B)
Sel=111, A=b, B=5, Y=0e (Bit-Wise XOR A and B)
Sel=000, A=b, B=6, Y=11 (Add A and B)
Sel=001, A=b, B=6, Y=16 (Multiply A by 2 (A + A))
Sel=010, A=b, B=6, Y=0c (Increment A by 1)
Sel=011, A=b, B=6, Y=0d (Increment A by 2)
Sel=100, A=b, B=6, Y=14 (Bit-Wise invert A)
Sel=101, A=b, B=6, Y=02 (Bit-Wise AND A and B)
Sel=110, A=b, B=6, Y=0f (Bit-Wise OR A and B)
Sel=111, A=b, B=6, Y=0d (Bit-Wise XOR A and B)
Sel=000, A=b, B=7, Y=12 (Add A and B)
Sel=001, A=b, B=7, Y=16 (Multiply A by 2 (A + A))
Sel=010, A=b, B=7, Y=0c (Increment A by 1)
Sel=011, A=b, B=7, Y=0d (Increment A by 2)
Sel=100, A=b, B=7, Y=14 (Bit-Wise invert A)
Sel=101, A=b, B=7, Y=03 (Bit-Wise AND A and B)
Sel=110, A=b, B=7, Y=0f (Bit-Wise OR A and B)
Sel=111, A=b, B=7, Y=0c (Bit-Wise XOR A and B)
Sel=000, A=b, B=8, Y=13 (Add A and B)
Sel=001, A=b, B=8, Y=16 (Multiply A by 2 (A + A))
Sel=010, A=b, B=8, Y=0c (Increment A by 1)
Sel=011, A=b, B=8, Y=0d (Increment A by 2)
Sel=100, A=b, B=8, Y=14 (Bit-Wise invert A)
Sel=101, A=b, B=8, Y=08 (Bit-Wise AND A and B)
Sel=110, A=b, B=8, Y=0b (Bit-Wise OR A and B)
Sel=111, A=b, B=8, Y=03 (Bit-Wise XOR A and B)
Sel=000, A=b, B=9, Y=14 (Add A and B)
Sel=001, A=b, B=9, Y=16 (Multiply A by 2 (A + A))
Sel=010, A=b, B=9, Y=0c (Increment A by 1)
Sel=011, A=b, B=9, Y=0d (Increment A by 2)
Sel=100, A=b, B=9, Y=14 (Bit-Wise invert A)
Sel=101, A=b, B=9, Y=09 (Bit-Wise AND A and B)
Sel=110, A=b, B=9, Y=0b (Bit-Wise OR A and B)
Sel=111, A=b, B=9, Y=02 (Bit-Wise XOR A and B)
Sel=000, A=b, B=a, Y=15 (Add A and B)
Sel=001, A=b, B=a, Y=16 (Multiply A by 2 (A + A))
Sel=010, A=b, B=a, Y=0c (Increment A by 1)
Sel=011, A=b, B=a, Y=0d (Increment A by 2)
Sel=100, A=b, B=a, Y=14 (Bit-Wise invert A)
Sel=101, A=b, B=a, Y=0a (Bit-Wise AND A and B)
Sel=110, A=b, B=a, Y=0b (Bit-Wise OR A and B)
Sel=111, A=b, B=a, Y=01 (Bit-Wise XOR A and B)
Sel=000, A=b, B=b, Y=16 (Add A and B)
Sel=001, A=b, B=b, Y=16 (Multiply A by 2 (A + A))
Sel=010, A=b, B=b, Y=0c (Increment A by 1)
Sel=011, A=b, B=b, Y=0d (Increment A by 2)
Sel=100, A=b, B=b, Y=14 (Bit-Wise invert A)
Sel=101, A=b, B=b, Y=0b (Bit-Wise AND A and B)
Sel=110, A=b, B=b, Y=0b (Bit-Wise OR A and B)
Sel=111, A=b, B=b, Y=00 (Bit-Wise XOR A and B)
Sel=000, A=b, B=c, Y=17 (Add A and B)
Sel=001, A=b, B=c, Y=16 (Multiply A by 2 (A + A))
Sel=010, A=b, B=c, Y=0c (Increment A by 1)
Sel=011, A=b, B=c, Y=0d (Increment A by 2)
Sel=100, A=b, B=c, Y=14 (Bit-Wise invert A)
Sel=101, A=b, B=c, Y=08 (Bit-Wise AND A and B)
Sel=110, A=b, B=c, Y=0f (Bit-Wise OR A and B)
Sel=111, A=b, B=c, Y=07 (Bit-Wise XOR A and B)
Sel=000, A=b, B=d, Y=18 (Add A and B)
Sel=001, A=b, B=d, Y=16 (Multiply A by 2 (A + A))
Sel=010, A=b, B=d, Y=0c (Increment A by 1)
Sel=011, A=b, B=d, Y=0d (Increment A by 2)
Sel=100, A=b, B=d, Y=14 (Bit-Wise invert A)
Sel=101, A=b, B=d, Y=09 (Bit-Wise AND A and B)
Sel=110, A=b, B=d, Y=0f (Bit-Wise OR A and B)
Sel=111, A=b, B=d, Y=06 (Bit-Wise XOR A and B)
Sel=000, A=b, B=e, Y=19 (Add A and B)
Sel=001, A=b, B=e, Y=16 (Multiply A by 2 (A + A))
Sel=010, A=b, B=e, Y=0c (Increment A by 1)
Sel=011, A=b, B=e, Y=0d (Increment A by 2)
Sel=100, A=b, B=e, Y=14 (Bit-Wise invert A)
Sel=101, A=b, B=e, Y=0a (Bit-Wise AND A and B)
Sel=110, A=b, B=e, Y=0f (Bit-Wise OR A and B)
Sel=111, A=b, B=e, Y=05 (Bit-Wise XOR A and B)
Sel=000, A=b, B=f, Y=1a (Add A and B)
Sel=001, A=b, B=f, Y=16 (Multiply A by 2 (A + A))
Sel=010, A=b, B=f, Y=0c (Increment A by 1)
Sel=011, A=b, B=f, Y=0d (Increment A by 2)
Sel=100, A=b, B=f, Y=14 (Bit-Wise invert A)
Sel=101, A=b, B=f, Y=0b (Bit-Wise AND A and B)
Sel=110, A=b, B=f, Y=0f (Bit-Wise OR A and B)
Sel=111, A=b, B=f, Y=04 (Bit-Wise XOR A and B)
Sel=000, A=c, B=0, Y=0c (Add A and B)
Sel=001, A=c, B=0, Y=18 (Multiply A by 2 (A + A))
Sel=010, A=c, B=0, Y=0d (Increment A by 1)
Sel=011, A=c, B=0, Y=0e (Increment A by 2)
Sel=100, A=c, B=0, Y=13 (Bit-Wise invert A)
Sel=101, A=c, B=0, Y=00 (Bit-Wise AND A and B)
Sel=110, A=c, B=0, Y=0c (Bit-Wise OR A and B)
Sel=111, A=c, B=0, Y=0c (Bit-Wise XOR A and B)
Sel=000, A=c, B=1, Y=0d (Add A and B)
Sel=001, A=c, B=1, Y=18 (Multiply A by 2 (A + A))
Sel=010, A=c, B=1, Y=0d (Increment A by 1)
Sel=011, A=c, B=1, Y=0e (Increment A by 2)
Sel=100, A=c, B=1, Y=13 (Bit-Wise invert A)
Sel=101, A=c, B=1, Y=00 (Bit-Wise AND A and B)
Sel=110, A=c, B=1, Y=0d (Bit-Wise OR A and B)
Sel=111, A=c, B=1, Y=0d (Bit-Wise XOR A and B)
Sel=000, A=c, B=2, Y=0e (Add A and B)
Sel=001, A=c, B=2, Y=18 (Multiply A by 2 (A + A))
Sel=010, A=c, B=2, Y=0d (Increment A by 1)
Sel=011, A=c, B=2, Y=0e (Increment A by 2)
Sel=100, A=c, B=2, Y=13 (Bit-Wise invert A)
Sel=101, A=c, B=2, Y=00 (Bit-Wise AND A and B)
Sel=110, A=c, B=2, Y=0e (Bit-Wise OR A and B)
Sel=111, A=c, B=2, Y=0e (Bit-Wise XOR A and B)
Sel=000, A=c, B=3, Y=0f (Add A and B)
Sel=001, A=c, B=3, Y=18 (Multiply A by 2 (A + A))
Sel=010, A=c, B=3, Y=0d (Increment A by 1)
Sel=011, A=c, B=3, Y=0e (Increment A by 2)
Sel=100, A=c, B=3, Y=13 (Bit-Wise invert A)
Sel=101, A=c, B=3, Y=00 (Bit-Wise AND A and B)
Sel=110, A=c, B=3, Y=0f (Bit-Wise OR A and B)
Sel=111, A=c, B=3, Y=0f (Bit-Wise XOR A and B)
Sel=000, A=c, B=4, Y=10 (Add A and B)
Sel=001, A=c, B=4, Y=18 (Multiply A by 2 (A + A))
Sel=010, A=c, B=4, Y=0d (Increment A by 1)
Sel=011, A=c, B=4, Y=0e (Increment A by 2)
Sel=100, A=c, B=4, Y=13 (Bit-Wise invert A)
Sel=101, A=c, B=4, Y=04 (Bit-Wise AND A and B)
Sel=110, A=c, B=4, Y=0c (Bit-Wise OR A and B)
Sel=111, A=c, B=4, Y=08 (Bit-Wise XOR A and B)
Sel=000, A=c, B=5, Y=11 (Add A and B)
Sel=001, A=c, B=5, Y=18 (Multiply A by 2 (A + A))
Sel=010, A=c, B=5, Y=0d (Increment A by 1)
Sel=011, A=c, B=5, Y=0e (Increment A by 2)
Sel=100, A=c, B=5, Y=13 (Bit-Wise invert A)
Sel=101, A=c, B=5, Y=04 (Bit-Wise AND A and B)
Sel=110, A=c, B=5, Y=0d (Bit-Wise OR A and B)
Sel=111, A=c, B=5, Y=09 (Bit-Wise XOR A and B)
Sel=000, A=c, B=6, Y=12 (Add A and B)
Sel=001, A=c, B=6, Y=18 (Multiply A by 2 (A + A))
Sel=010, A=c, B=6, Y=0d (Increment A by 1)
Sel=011, A=c, B=6, Y=0e (Increment A by 2)
Sel=100, A=c, B=6, Y=13 (Bit-Wise invert A)
Sel=101, A=c, B=6, Y=04 (Bit-Wise AND A and B)
Sel=110, A=c, B=6, Y=0e (Bit-Wise OR A and B)
Sel=111, A=c, B=6, Y=0a (Bit-Wise XOR A and B)
Sel=000, A=c, B=7, Y=13 (Add A and B)
Sel=001, A=c, B=7, Y=18 (Multiply A by 2 (A + A))
Sel=010, A=c, B=7, Y=0d (Increment A by 1)
Sel=011, A=c, B=7, Y=0e (Increment A by 2)
Sel=100, A=c, B=7, Y=13 (Bit-Wise invert A)
Sel=101, A=c, B=7, Y=04 (Bit-Wise AND A and B)
Sel=110, A=c, B=7, Y=0f (Bit-Wise OR A and B)
Sel=111, A=c, B=7, Y=0b (Bit-Wise XOR A and B)
Sel=000, A=c, B=8, Y=14 (Add A and B)
Sel=001, A=c, B=8, Y=18 (Multiply A by 2 (A + A))
Sel=010, A=c, B=8, Y=0d (Increment A by 1)
Sel=011, A=c, B=8, Y=0e (Increment A by 2)
Sel=100, A=c, B=8, Y=13 (Bit-Wise invert A)
Sel=101, A=c, B=8, Y=08 (Bit-Wise AND A and B)
Sel=110, A=c, B=8, Y=0c (Bit-Wise OR A and B)
Sel=111, A=c, B=8, Y=04 (Bit-Wise XOR A and B)
Sel=000, A=c, B=9, Y=15 (Add A and B)
Sel=001, A=c, B=9, Y=18 (Multiply A by 2 (A + A))
Sel=010, A=c, B=9, Y=0d (Increment A by 1)
Sel=011, A=c, B=9, Y=0e (Increment A by 2)
Sel=100, A=c, B=9, Y=13 (Bit-Wise invert A)
Sel=101, A=c, B=9, Y=08 (Bit-Wise AND A and B)
Sel=110, A=c, B=9, Y=0d (Bit-Wise OR A and B)
Sel=111, A=c, B=9, Y=05 (Bit-Wise XOR A and B)
Sel=000, A=c, B=a, Y=16 (Add A and B)
Sel=001, A=c, B=a, Y=18 (Multiply A by 2 (A + A))
Sel=010, A=c, B=a, Y=0d (Increment A by 1)
Sel=011, A=c, B=a, Y=0e (Increment A by 2)
Sel=100, A=c, B=a, Y=13 (Bit-Wise invert A)
Sel=101, A=c, B=a, Y=08 (Bit-Wise AND A and B)
Sel=110, A=c, B=a, Y=0e (Bit-Wise OR A and B)
Sel=111, A=c, B=a, Y=06 (Bit-Wise XOR A and B)
Sel=000, A=c, B=b, Y=17 (Add A and B)
Sel=001, A=c, B=b, Y=18 (Multiply A by 2 (A + A))
Sel=010, A=c, B=b, Y=0d (Increment A by 1)
Sel=011, A=c, B=b, Y=0e (Increment A by 2)
Sel=100, A=c, B=b, Y=13 (Bit-Wise invert A)
Sel=101, A=c, B=b, Y=08 (Bit-Wise AND A and B)
Sel=110, A=c, B=b, Y=0f (Bit-Wise OR A and B)
Sel=111, A=c, B=b, Y=07 (Bit-Wise XOR A and B)
Sel=000, A=c, B=c, Y=18 (Add A and B)
Sel=001, A=c, B=c, Y=18 (Multiply A by 2 (A + A))
Sel=010, A=c, B=c, Y=0d (Increment A by 1)
Sel=011, A=c, B=c, Y=0e (Increment A by 2)
Sel=100, A=c, B=c, Y=13 (Bit-Wise invert A)
Sel=101, A=c, B=c, Y=0c (Bit-Wise AND A and B)
Sel=110, A=c, B=c, Y=0c (Bit-Wise OR A and B)
Sel=111, A=c, B=c, Y=00 (Bit-Wise XOR A and B)
Sel=000, A=c, B=d, Y=19 (Add A and B)
Sel=001, A=c, B=d, Y=18 (Multiply A by 2 (A + A))
Sel=010, A=c, B=d, Y=0d (Increment A by 1)
Sel=011, A=c, B=d, Y=0e (Increment A by 2)
Sel=100, A=c, B=d, Y=13 (Bit-Wise invert A)
Sel=101, A=c, B=d, Y=0c (Bit-Wise AND A and B)
Sel=110, A=c, B=d, Y=0d (Bit-Wise OR A and B)
Sel=111, A=c, B=d, Y=01 (Bit-Wise XOR A and B)
Sel=000, A=c, B=e, Y=1a (Add A and B)
Sel=001, A=c, B=e, Y=18 (Multiply A by 2 (A + A))
Sel=010, A=c, B=e, Y=0d (Increment A by 1)
Sel=011, A=c, B=e, Y=0e (Increment A by 2)
Sel=100, A=c, B=e, Y=13 (Bit-Wise invert A)
Sel=101, A=c, B=e, Y=0c (Bit-Wise AND A and B)
Sel=110, A=c, B=e, Y=0e (Bit-Wise OR A and B)
Sel=111, A=c, B=e, Y=02 (Bit-Wise XOR A and B)
Sel=000, A=c, B=f, Y=1b (Add A and B)
Sel=001, A=c, B=f, Y=18 (Multiply A by 2 (A + A))
Sel=010, A=c, B=f, Y=0d (Increment A by 1)
Sel=011, A=c, B=f, Y=0e (Increment A by 2)
Sel=100, A=c, B=f, Y=13 (Bit-Wise invert A)
Sel=101, A=c, B=f, Y=0c (Bit-Wise AND A and B)
Sel=110, A=c, B=f, Y=0f (Bit-Wise OR A and B)
Sel=111, A=c, B=f, Y=03 (Bit-Wise XOR A and B)
Sel=000, A=d, B=0, Y=0d (Add A and B)
Sel=001, A=d, B=0, Y=1a (Multiply A by 2 (A + A))
Sel=010, A=d, B=0, Y=0e (Increment A by 1)
Sel=011, A=d, B=0, Y=0f (Increment A by 2)
Sel=100, A=d, B=0, Y=12 (Bit-Wise invert A)
Sel=101, A=d, B=0, Y=00 (Bit-Wise AND A and B)
Sel=110, A=d, B=0, Y=0d (Bit-Wise OR A and B)
Sel=111, A=d, B=0, Y=0d (Bit-Wise XOR A and B)
Sel=000, A=d, B=1, Y=0e (Add A and B)
Sel=001, A=d, B=1, Y=1a (Multiply A by 2 (A + A))
Sel=010, A=d, B=1, Y=0e (Increment A by 1)
Sel=011, A=d, B=1, Y=0f (Increment A by 2)
Sel=100, A=d, B=1, Y=12 (Bit-Wise invert A)
Sel=101, A=d, B=1, Y=01 (Bit-Wise AND A and B)
Sel=110, A=d, B=1, Y=0d (Bit-Wise OR A and B)
Sel=111, A=d, B=1, Y=0c (Bit-Wise XOR A and B)
Sel=000, A=d, B=2, Y=0f (Add A and B)
Sel=001, A=d, B=2, Y=1a (Multiply A by 2 (A + A))
Sel=010, A=d, B=2, Y=0e (Increment A by 1)
Sel=011, A=d, B=2, Y=0f (Increment A by 2)
Sel=100, A=d, B=2, Y=12 (Bit-Wise invert A)
Sel=101, A=d, B=2, Y=00 (Bit-Wise AND A and B)
Sel=110, A=d, B=2, Y=0f (Bit-Wise OR A and B)
Sel=111, A=d, B=2, Y=0f (Bit-Wise XOR A and B)
Sel=000, A=d, B=3, Y=10 (Add A and B)
Sel=001, A=d, B=3, Y=1a (Multiply A by 2 (A + A))
Sel=010, A=d, B=3, Y=0e (Increment A by 1)
Sel=011, A=d, B=3, Y=0f (Increment A by 2)
Sel=100, A=d, B=3, Y=12 (Bit-Wise invert A)
Sel=101, A=d, B=3, Y=01 (Bit-Wise AND A and B)
Sel=110, A=d, B=3, Y=0f (Bit-Wise OR A and B)
Sel=111, A=d, B=3, Y=0e (Bit-Wise XOR A and B)
Sel=000, A=d, B=4, Y=11 (Add A and B)
Sel=001, A=d, B=4, Y=1a (Multiply A by 2 (A + A))
Sel=010, A=d, B=4, Y=0e (Increment A by 1)
Sel=011, A=d, B=4, Y=0f (Increment A by 2)
Sel=100, A=d, B=4, Y=12 (Bit-Wise invert A)
Sel=101, A=d, B=4, Y=04 (Bit-Wise AND A and B)
Sel=110, A=d, B=4, Y=0d (Bit-Wise OR A and B)
Sel=111, A=d, B=4, Y=09 (Bit-Wise XOR A and B)
Sel=000, A=d, B=5, Y=12 (Add A and B)
Sel=001, A=d, B=5, Y=1a (Multiply A by 2 (A + A))
Sel=010, A=d, B=5, Y=0e (Increment A by 1)
Sel=011, A=d, B=5, Y=0f (Increment A by 2)
Sel=100, A=d, B=5, Y=12 (Bit-Wise invert A)
Sel=101, A=d, B=5, Y=05 (Bit-Wise AND A and B)
Sel=110, A=d, B=5, Y=0d (Bit-Wise OR A and B)
Sel=111, A=d, B=5, Y=08 (Bit-Wise XOR A and B)
Sel=000, A=d, B=6, Y=13 (Add A and B)
Sel=001, A=d, B=6, Y=1a (Multiply A by 2 (A + A))
Sel=010, A=d, B=6, Y=0e (Increment A by 1)
Sel=011, A=d, B=6, Y=0f (Increment A by 2)
Sel=100, A=d, B=6, Y=12 (Bit-Wise invert A)
Sel=101, A=d, B=6, Y=04 (Bit-Wise AND A and B)
Sel=110, A=d, B=6, Y=0f (Bit-Wise OR A and B)
Sel=111, A=d, B=6, Y=0b (Bit-Wise XOR A and B)
Sel=000, A=d, B=7, Y=14 (Add A and B)
Sel=001, A=d, B=7, Y=1a (Multiply A by 2 (A + A))
Sel=010, A=d, B=7, Y=0e (Increment A by 1)
Sel=011, A=d, B=7, Y=0f (Increment A by 2)
Sel=100, A=d, B=7, Y=12 (Bit-Wise invert A)
Sel=101, A=d, B=7, Y=05 (Bit-Wise AND A and B)
Sel=110, A=d, B=7, Y=0f (Bit-Wise OR A and B)
Sel=111, A=d, B=7, Y=0a (Bit-Wise XOR A and B)
Sel=000, A=d, B=8, Y=15 (Add A and B)
Sel=001, A=d, B=8, Y=1a (Multiply A by 2 (A + A))
Sel=010, A=d, B=8, Y=0e (Increment A by 1)
Sel=011, A=d, B=8, Y=0f (Increment A by 2)
Sel=100, A=d, B=8, Y=12 (Bit-Wise invert A)
Sel=101, A=d, B=8, Y=08 (Bit-Wise AND A and B)
Sel=110, A=d, B=8, Y=0d (Bit-Wise OR A and B)
Sel=111, A=d, B=8, Y=05 (Bit-Wise XOR A and B)
Sel=000, A=d, B=9, Y=16 (Add A and B)
Sel=001, A=d, B=9, Y=1a (Multiply A by 2 (A + A))
Sel=010, A=d, B=9, Y=0e (Increment A by 1)
Sel=011, A=d, B=9, Y=0f (Increment A by 2)
Sel=100, A=d, B=9, Y=12 (Bit-Wise invert A)
Sel=101, A=d, B=9, Y=09 (Bit-Wise AND A and B)
Sel=110, A=d, B=9, Y=0d (Bit-Wise OR A and B)
Sel=111, A=d, B=9, Y=04 (Bit-Wise XOR A and B)
Sel=000, A=d, B=a, Y=17 (Add A and B)
Sel=001, A=d, B=a, Y=1a (Multiply A by 2 (A + A))
Sel=010, A=d, B=a, Y=0e (Increment A by 1)
Sel=011, A=d, B=a, Y=0f (Increment A by 2)
Sel=100, A=d, B=a, Y=12 (Bit-Wise invert A)
Sel=101, A=d, B=a, Y=08 (Bit-Wise AND A and B)
Sel=110, A=d, B=a, Y=0f (Bit-Wise OR A and B)
Sel=111, A=d, B=a, Y=07 (Bit-Wise XOR A and B)
Sel=000, A=d, B=b, Y=18 (Add A and B)
Sel=001, A=d, B=b, Y=1a (Multiply A by 2 (A + A))
Sel=010, A=d, B=b, Y=0e (Increment A by 1)
Sel=011, A=d, B=b, Y=0f (Increment A by 2)
Sel=100, A=d, B=b, Y=12 (Bit-Wise invert A)
Sel=101, A=d, B=b, Y=09 (Bit-Wise AND A and B)
Sel=110, A=d, B=b, Y=0f (Bit-Wise OR A and B)
Sel=111, A=d, B=b, Y=06 (Bit-Wise XOR A and B)
Sel=000, A=d, B=c, Y=19 (Add A and B)
Sel=001, A=d, B=c, Y=1a (Multiply A by 2 (A + A))
Sel=010, A=d, B=c, Y=0e (Increment A by 1)
Sel=011, A=d, B=c, Y=0f (Increment A by 2)
Sel=100, A=d, B=c, Y=12 (Bit-Wise invert A)
Sel=101, A=d, B=c, Y=0c (Bit-Wise AND A and B)
Sel=110, A=d, B=c, Y=0d (Bit-Wise OR A and B)
Sel=111, A=d, B=c, Y=01 (Bit-Wise XOR A and B)
Sel=000, A=d, B=d, Y=1a (Add A and B)
Sel=001, A=d, B=d, Y=1a (Multiply A by 2 (A + A))
Sel=010, A=d, B=d, Y=0e (Increment A by 1)
Sel=011, A=d, B=d, Y=0f (Increment A by 2)
Sel=100, A=d, B=d, Y=12 (Bit-Wise invert A)
Sel=101, A=d, B=d, Y=0d (Bit-Wise AND A and B)
Sel=110, A=d, B=d, Y=0d (Bit-Wise OR A and B)
Sel=111, A=d, B=d, Y=00 (Bit-Wise XOR A and B)
Sel=000, A=d, B=e, Y=1b (Add A and B)
Sel=001, A=d, B=e, Y=1a (Multiply A by 2 (A + A))
Sel=010, A=d, B=e, Y=0e (Increment A by 1)
Sel=011, A=d, B=e, Y=0f (Increment A by 2)
Sel=100, A=d, B=e, Y=12 (Bit-Wise invert A)
Sel=101, A=d, B=e, Y=0c (Bit-Wise AND A and B)
Sel=110, A=d, B=e, Y=0f (Bit-Wise OR A and B)
Sel=111, A=d, B=e, Y=03 (Bit-Wise XOR A and B)
Sel=000, A=d, B=f, Y=1c (Add A and B)
Sel=001, A=d, B=f, Y=1a (Multiply A by 2 (A + A))
Sel=010, A=d, B=f, Y=0e (Increment A by 1)
Sel=011, A=d, B=f, Y=0f (Increment A by 2)
Sel=100, A=d, B=f, Y=12 (Bit-Wise invert A)
Sel=101, A=d, B=f, Y=0d (Bit-Wise AND A and B)
Sel=110, A=d, B=f, Y=0f (Bit-Wise OR A and B)
Sel=111, A=d, B=f, Y=02 (Bit-Wise XOR A and B)
Sel=000, A=e, B=0, Y=0e (Add A and B)
Sel=001, A=e, B=0, Y=1c (Multiply A by 2 (A + A))
Sel=010, A=e, B=0, Y=0f (Increment A by 1)
Sel=011, A=e, B=0, Y=10 (Increment A by 2)
Sel=100, A=e, B=0, Y=11 (Bit-Wise invert A)
Sel=101, A=e, B=0, Y=00 (Bit-Wise AND A and B)
Sel=110, A=e, B=0, Y=0e (Bit-Wise OR A and B)
Sel=111, A=e, B=0, Y=0e (Bit-Wise XOR A and B)
Sel=000, A=e, B=1, Y=0f (Add A and B)
Sel=001, A=e, B=1, Y=1c (Multiply A by 2 (A + A))
Sel=010, A=e, B=1, Y=0f (Increment A by 1)
Sel=011, A=e, B=1, Y=10 (Increment A by 2)
Sel=100, A=e, B=1, Y=11 (Bit-Wise invert A)
Sel=101, A=e, B=1, Y=00 (Bit-Wise AND A and B)
Sel=110, A=e, B=1, Y=0f (Bit-Wise OR A and B)
Sel=111, A=e, B=1, Y=0f (Bit-Wise XOR A and B)
Sel=000, A=e, B=2, Y=10 (Add A and B)
Sel=001, A=e, B=2, Y=1c (Multiply A by 2 (A + A))
Sel=010, A=e, B=2, Y=0f (Increment A by 1)
Sel=011, A=e, B=2, Y=10 (Increment A by 2)
Sel=100, A=e, B=2, Y=11 (Bit-Wise invert A)
Sel=101, A=e, B=2, Y=02 (Bit-Wise AND A and B)
Sel=110, A=e, B=2, Y=0e (Bit-Wise OR A and B)
Sel=111, A=e, B=2, Y=0c (Bit-Wise XOR A and B)
Sel=000, A=e, B=3, Y=11 (Add A and B)
Sel=001, A=e, B=3, Y=1c (Multiply A by 2 (A + A))
Sel=010, A=e, B=3, Y=0f (Increment A by 1)
Sel=011, A=e, B=3, Y=10 (Increment A by 2)
Sel=100, A=e, B=3, Y=11 (Bit-Wise invert A)
Sel=101, A=e, B=3, Y=02 (Bit-Wise AND A and B)
Sel=110, A=e, B=3, Y=0f (Bit-Wise OR A and B)
Sel=111, A=e, B=3, Y=0d (Bit-Wise XOR A and B)
Sel=000, A=e, B=4, Y=12 (Add A and B)
Sel=001, A=e, B=4, Y=1c (Multiply A by 2 (A + A))
Sel=010, A=e, B=4, Y=0f (Increment A by 1)
Sel=011, A=e, B=4, Y=10 (Increment A by 2)
Sel=100, A=e, B=4, Y=11 (Bit-Wise invert A)
Sel=101, A=e, B=4, Y=04 (Bit-Wise AND A and B)
Sel=110, A=e, B=4, Y=0e (Bit-Wise OR A and B)
Sel=111, A=e, B=4, Y=0a (Bit-Wise XOR A and B)
Sel=000, A=e, B=5, Y=13 (Add A and B)
Sel=001, A=e, B=5, Y=1c (Multiply A by 2 (A + A))
Sel=010, A=e, B=5, Y=0f (Increment A by 1)
Sel=011, A=e, B=5, Y=10 (Increment A by 2)
Sel=100, A=e, B=5, Y=11 (Bit-Wise invert A)
Sel=101, A=e, B=5, Y=04 (Bit-Wise AND A and B)
Sel=110, A=e, B=5, Y=0f (Bit-Wise OR A and B)
Sel=111, A=e, B=5, Y=0b (Bit-Wise XOR A and B)
Sel=000, A=e, B=6, Y=14 (Add A and B)
Sel=001, A=e, B=6, Y=1c (Multiply A by 2 (A + A))
Sel=010, A=e, B=6, Y=0f (Increment A by 1)
Sel=011, A=e, B=6, Y=10 (Increment A by 2)
Sel=100, A=e, B=6, Y=11 (Bit-Wise invert A)
Sel=101, A=e, B=6, Y=06 (Bit-Wise AND A and B)
Sel=110, A=e, B=6, Y=0e (Bit-Wise OR A and B)
Sel=111, A=e, B=6, Y=08 (Bit-Wise XOR A and B)
Sel=000, A=e, B=7, Y=15 (Add A and B)
Sel=001, A=e, B=7, Y=1c (Multiply A by 2 (A + A))
Sel=010, A=e, B=7, Y=0f (Increment A by 1)
Sel=011, A=e, B=7, Y=10 (Increment A by 2)
Sel=100, A=e, B=7, Y=11 (Bit-Wise invert A)
Sel=101, A=e, B=7, Y=06 (Bit-Wise AND A and B)
Sel=110, A=e, B=7, Y=0f (Bit-Wise OR A and B)
Sel=111, A=e, B=7, Y=09 (Bit-Wise XOR A and B)
Sel=000, A=e, B=8, Y=16 (Add A and B)
Sel=001, A=e, B=8, Y=1c (Multiply A by 2 (A + A))
Sel=010, A=e, B=8, Y=0f (Increment A by 1)
Sel=011, A=e, B=8, Y=10 (Increment A by 2)
Sel=100, A=e, B=8, Y=11 (Bit-Wise invert A)
Sel=101, A=e, B=8, Y=08 (Bit-Wise AND A and B)
Sel=110, A=e, B=8, Y=0e (Bit-Wise OR A and B)
Sel=111, A=e, B=8, Y=06 (Bit-Wise XOR A and B)
Sel=000, A=e, B=9, Y=17 (Add A and B)
Sel=001, A=e, B=9, Y=1c (Multiply A by 2 (A + A))
Sel=010, A=e, B=9, Y=0f (Increment A by 1)
Sel=011, A=e, B=9, Y=10 (Increment A by 2)
Sel=100, A=e, B=9, Y=11 (Bit-Wise invert A)
Sel=101, A=e, B=9, Y=08 (Bit-Wise AND A and B)
Sel=110, A=e, B=9, Y=0f (Bit-Wise OR A and B)
Sel=111, A=e, B=9, Y=07 (Bit-Wise XOR A and B)
Sel=000, A=e, B=a, Y=18 (Add A and B)
Sel=001, A=e, B=a, Y=1c (Multiply A by 2 (A + A))
Sel=010, A=e, B=a, Y=0f (Increment A by 1)
Sel=011, A=e, B=a, Y=10 (Increment A by 2)
Sel=100, A=e, B=a, Y=11 (Bit-Wise invert A)
Sel=101, A=e, B=a, Y=0a (Bit-Wise AND A and B)
Sel=110, A=e, B=a, Y=0e (Bit-Wise OR A and B)
Sel=111, A=e, B=a, Y=04 (Bit-Wise XOR A and B)
Sel=000, A=e, B=b, Y=19 (Add A and B)
Sel=001, A=e, B=b, Y=1c (Multiply A by 2 (A + A))
Sel=010, A=e, B=b, Y=0f (Increment A by 1)
Sel=011, A=e, B=b, Y=10 (Increment A by 2)
Sel=100, A=e, B=b, Y=11 (Bit-Wise invert A)
Sel=101, A=e, B=b, Y=0a (Bit-Wise AND A and B)
Sel=110, A=e, B=b, Y=0f (Bit-Wise OR A and B)
Sel=111, A=e, B=b, Y=05 (Bit-Wise XOR A and B)
Sel=000, A=e, B=c, Y=1a (Add A and B)
Sel=001, A=e, B=c, Y=1c (Multiply A by 2 (A + A))
Sel=010, A=e, B=c, Y=0f (Increment A by 1)
Sel=011, A=e, B=c, Y=10 (Increment A by 2)
Sel=100, A=e, B=c, Y=11 (Bit-Wise invert A)
Sel=101, A=e, B=c, Y=0c (Bit-Wise AND A and B)
Sel=110, A=e, B=c, Y=0e (Bit-Wise OR A and B)
Sel=111, A=e, B=c, Y=02 (Bit-Wise XOR A and B)
Sel=000, A=e, B=d, Y=1b (Add A and B)
Sel=001, A=e, B=d, Y=1c (Multiply A by 2 (A + A))
Sel=010, A=e, B=d, Y=0f (Increment A by 1)
Sel=011, A=e, B=d, Y=10 (Increment A by 2)
Sel=100, A=e, B=d, Y=11 (Bit-Wise invert A)
Sel=101, A=e, B=d, Y=0c (Bit-Wise AND A and B)
Sel=110, A=e, B=d, Y=0f (Bit-Wise OR A and B)
Sel=111, A=e, B=d, Y=03 (Bit-Wise XOR A and B)
Sel=000, A=e, B=e, Y=1c (Add A and B)
Sel=001, A=e, B=e, Y=1c (Multiply A by 2 (A + A))
Sel=010, A=e, B=e, Y=0f (Increment A by 1)
Sel=011, A=e, B=e, Y=10 (Increment A by 2)
Sel=100, A=e, B=e, Y=11 (Bit-Wise invert A)
Sel=101, A=e, B=e, Y=0e (Bit-Wise AND A and B)
Sel=110, A=e, B=e, Y=0e (Bit-Wise OR A and B)
Sel=111, A=e, B=e, Y=00 (Bit-Wise XOR A and B)
Sel=000, A=e, B=f, Y=1d (Add A and B)
Sel=001, A=e, B=f, Y=1c (Multiply A by 2 (A + A))
Sel=010, A=e, B=f, Y=0f (Increment A by 1)
Sel=011, A=e, B=f, Y=10 (Increment A by 2)
Sel=100, A=e, B=f, Y=11 (Bit-Wise invert A)
Sel=101, A=e, B=f, Y=0e (Bit-Wise AND A and B)
Sel=110, A=e, B=f, Y=0f (Bit-Wise OR A and B)
Sel=111, A=e, B=f, Y=01 (Bit-Wise XOR A and B)
Sel=000, A=f, B=0, Y=0f (Add A and B)
Sel=001, A=f, B=0, Y=1e (Multiply A by 2 (A + A))
Sel=010, A=f, B=0, Y=10 (Increment A by 1)
Sel=011, A=f, B=0, Y=11 (Increment A by 2)
Sel=100, A=f, B=0, Y=10 (Bit-Wise invert A)
Sel=101, A=f, B=0, Y=00 (Bit-Wise AND A and B)
Sel=110, A=f, B=0, Y=0f (Bit-Wise OR A and B)
Sel=111, A=f, B=0, Y=0f (Bit-Wise XOR A and B)
Sel=000, A=f, B=1, Y=10 (Add A and B)
Sel=001, A=f, B=1, Y=1e (Multiply A by 2 (A + A))
Sel=010, A=f, B=1, Y=10 (Increment A by 1)
Sel=011, A=f, B=1, Y=11 (Increment A by 2)
Sel=100, A=f, B=1, Y=10 (Bit-Wise invert A)
Sel=101, A=f, B=1, Y=01 (Bit-Wise AND A and B)
Sel=110, A=f, B=1, Y=0f (Bit-Wise OR A and B)
Sel=111, A=f, B=1, Y=0e (Bit-Wise XOR A and B)
Sel=000, A=f, B=2, Y=11 (Add A and B)
Sel=001, A=f, B=2, Y=1e (Multiply A by 2 (A + A))
Sel=010, A=f, B=2, Y=10 (Increment A by 1)
Sel=011, A=f, B=2, Y=11 (Increment A by 2)
Sel=100, A=f, B=2, Y=10 (Bit-Wise invert A)
Sel=101, A=f, B=2, Y=02 (Bit-Wise AND A and B)
Sel=110, A=f, B=2, Y=0f (Bit-Wise OR A and B)
Sel=111, A=f, B=2, Y=0d (Bit-Wise XOR A and B)
Sel=000, A=f, B=3, Y=12 (Add A and B)
Sel=001, A=f, B=3, Y=1e (Multiply A by 2 (A + A))
Sel=010, A=f, B=3, Y=10 (Increment A by 1)
Sel=011, A=f, B=3, Y=11 (Increment A by 2)
Sel=100, A=f, B=3, Y=10 (Bit-Wise invert A)
Sel=101, A=f, B=3, Y=03 (Bit-Wise AND A and B)
Sel=110, A=f, B=3, Y=0f (Bit-Wise OR A and B)
Sel=111, A=f, B=3, Y=0c (Bit-Wise XOR A and B)
Sel=000, A=f, B=4, Y=13 (Add A and B)
Sel=001, A=f, B=4, Y=1e (Multiply A by 2 (A + A))
Sel=010, A=f, B=4, Y=10 (Increment A by 1)
Sel=011, A=f, B=4, Y=11 (Increment A by 2)
Sel=100, A=f, B=4, Y=10 (Bit-Wise invert A)
Sel=101, A=f, B=4, Y=04 (Bit-Wise AND A and B)
Sel=110, A=f, B=4, Y=0f (Bit-Wise OR A and B)
Sel=111, A=f, B=4, Y=0b (Bit-Wise XOR A and B)
Sel=000, A=f, B=5, Y=14 (Add A and B)
Sel=001, A=f, B=5, Y=1e (Multiply A by 2 (A + A))
Sel=010, A=f, B=5, Y=10 (Increment A by 1)
Sel=011, A=f, B=5, Y=11 (Increment A by 2)
Sel=100, A=f, B=5, Y=10 (Bit-Wise invert A)
Sel=101, A=f, B=5, Y=05 (Bit-Wise AND A and B)
Sel=110, A=f, B=5, Y=0f (Bit-Wise OR A and B)
Sel=111, A=f, B=5, Y=0a (Bit-Wise XOR A and B)
Sel=000, A=f, B=6, Y=15 (Add A and B)
Sel=001, A=f, B=6, Y=1e (Multiply A by 2 (A + A))
Sel=010, A=f, B=6, Y=10 (Increment A by 1)
Sel=011, A=f, B=6, Y=11 (Increment A by 2)
Sel=100, A=f, B=6, Y=10 (Bit-Wise invert A)
Sel=101, A=f, B=6, Y=06 (Bit-Wise AND A and B)
Sel=110, A=f, B=6, Y=0f (Bit-Wise OR A and B)
Sel=111, A=f, B=6, Y=09 (Bit-Wise XOR A and B)
Sel=000, A=f, B=7, Y=16 (Add A and B)
Sel=001, A=f, B=7, Y=1e (Multiply A by 2 (A + A))
Sel=010, A=f, B=7, Y=10 (Increment A by 1)
Sel=011, A=f, B=7, Y=11 (Increment A by 2)
Sel=100, A=f, B=7, Y=10 (Bit-Wise invert A)
Sel=101, A=f, B=7, Y=07 (Bit-Wise AND A and B)
Sel=110, A=f, B=7, Y=0f (Bit-Wise OR A and B)
Sel=111, A=f, B=7, Y=08 (Bit-Wise XOR A and B)
Sel=000, A=f, B=8, Y=17 (Add A and B)
Sel=001, A=f, B=8, Y=1e (Multiply A by 2 (A + A))
Sel=010, A=f, B=8, Y=10 (Increment A by 1)
Sel=011, A=f, B=8, Y=11 (Increment A by 2)
Sel=100, A=f, B=8, Y=10 (Bit-Wise invert A)
Sel=101, A=f, B=8, Y=08 (Bit-Wise AND A and B)
Sel=110, A=f, B=8, Y=0f (Bit-Wise OR A and B)
Sel=111, A=f, B=8, Y=07 (Bit-Wise XOR A and B)
Sel=000, A=f, B=9, Y=18 (Add A and B)
Sel=001, A=f, B=9, Y=1e (Multiply A by 2 (A + A))
Sel=010, A=f, B=9, Y=10 (Increment A by 1)
Sel=011, A=f, B=9, Y=11 (Increment A by 2)
Sel=100, A=f, B=9, Y=10 (Bit-Wise invert A)
Sel=101, A=f, B=9, Y=09 (Bit-Wise AND A and B)
Sel=110, A=f, B=9, Y=0f (Bit-Wise OR A and B)
Sel=111, A=f, B=9, Y=06 (Bit-Wise XOR A and B)
Sel=000, A=f, B=a, Y=19 (Add A and B)
Sel=001, A=f, B=a, Y=1e (Multiply A by 2 (A + A))
Sel=010, A=f, B=a, Y=10 (Increment A by 1)
Sel=011, A=f, B=a, Y=11 (Increment A by 2)
Sel=100, A=f, B=a, Y=10 (Bit-Wise invert A)
Sel=101, A=f, B=a, Y=0a (Bit-Wise AND A and B)
Sel=110, A=f, B=a, Y=0f (Bit-Wise OR A and B)
Sel=111, A=f, B=a, Y=05 (Bit-Wise XOR A and B)
Sel=000, A=f, B=b, Y=1a (Add A and B)
Sel=001, A=f, B=b, Y=1e (Multiply A by 2 (A + A))
Sel=010, A=f, B=b, Y=10 (Increment A by 1)
Sel=011, A=f, B=b, Y=11 (Increment A by 2)
Sel=100, A=f, B=b, Y=10 (Bit-Wise invert A)
Sel=101, A=f, B=b, Y=0b (Bit-Wise AND A and B)
Sel=110, A=f, B=b, Y=0f (Bit-Wise OR A and B)
Sel=111, A=f, B=b, Y=04 (Bit-Wise XOR A and B)
Sel=000, A=f, B=c, Y=1b (Add A and B)
Sel=001, A=f, B=c, Y=1e (Multiply A by 2 (A + A))
Sel=010, A=f, B=c, Y=10 (Increment A by 1)
Sel=011, A=f, B=c, Y=11 (Increment A by 2)
Sel=100, A=f, B=c, Y=10 (Bit-Wise invert A)
Sel=101, A=f, B=c, Y=0c (Bit-Wise AND A and B)
Sel=110, A=f, B=c, Y=0f (Bit-Wise OR A and B)
Sel=111, A=f, B=c, Y=03 (Bit-Wise XOR A and B)
Sel=000, A=f, B=d, Y=1c (Add A and B)
Sel=001, A=f, B=d, Y=1e (Multiply A by 2 (A + A))
Sel=010, A=f, B=d, Y=10 (Increment A by 1)
Sel=011, A=f, B=d, Y=11 (Increment A by 2)
Sel=100, A=f, B=d, Y=10 (Bit-Wise invert A)
Sel=101, A=f, B=d, Y=0d (Bit-Wise AND A and B)
Sel=110, A=f, B=d, Y=0f (Bit-Wise OR A and B)
Sel=111, A=f, B=d, Y=02 (Bit-Wise XOR A and B)
Sel=000, A=f, B=e, Y=1d (Add A and B)
Sel=001, A=f, B=e, Y=1e (Multiply A by 2 (A + A))
Sel=010, A=f, B=e, Y=10 (Increment A by 1)
Sel=011, A=f, B=e, Y=11 (Increment A by 2)
Sel=100, A=f, B=e, Y=10 (Bit-Wise invert A)
Sel=101, A=f, B=e, Y=0e (Bit-Wise AND A and B)
Sel=110, A=f, B=e, Y=0f (Bit-Wise OR A and B)
Sel=111, A=f, B=e, Y=01 (Bit-Wise XOR A and B)
Sel=000, A=f, B=f, Y=1e (Add A and B)
Sel=001, A=f, B=f, Y=1e (Multiply A by 2 (A + A))
Sel=010, A=f, B=f, Y=10 (Increment A by 1)
Sel=011, A=f, B=f, Y=11 (Increment A by 2)
Sel=100, A=f, B=f, Y=10 (Bit-Wise invert A)
Sel=101, A=f, B=f, Y=0f (Bit-Wise AND A and B)
Sel=110, A=f, B=f, Y=0f (Bit-Wise OR A and B)
Sel=111, A=f, B=f, Y=00 (Bit-Wise XOR A and B)
Stopped at time : 41960 ps : File "C:/Users/Yoyo/Desktop/ALU/ALU/ALU_TB.v" Line 50
