Release 14.7 - ngc2edif P.20131013 (nt64)
Copyright (c) 1995-2013 Xilinx, Inc.  All rights reserved.
Reading design fa_4bit.ngc ...
WARNING:NetListWriters:298 - No output is written to fa_4bit.xncf, ignored.
Processing design ...
   Preping design's networks ...
   Preping design's macros ...
  finished :Prep
Writing EDIF netlist file fa_4bit.edif ...
ngc2edif: Total memory usage is 4310596 kilobytes

Release 14.7 - ngc2edif P.20131013 (nt64)
Copyright (c) 1995-2013 Xilinx, Inc.  All rights reserved.
Reading design fa_4bit.ngc ...
WARNING:NetListWriters:298 - No output is written to fa_4bit.xncf, ignored.
Processing design ...
   Preping design's networks ...
   Preping design's macros ...
  finished :Prep
Writing EDIF netlist file fa_4bit.edif ...
ngc2edif: Total memory usage is 4310020 kilobytes

